%%%%%% Loading Graph Data %%%%%%
%%%%%% Starting Graph Fusion %%%%%%
[FIXED] CMG++ using GraphZoom's standard fusion for fair comparison
%%%%%% Starting Graph Reduction %%%%%%
[CMG] Starting CMG coarsening with k=10, d=10, threshold=0.1
[CMG] Input graph: 2708 nodes, 6664 edges
[CMG] Coarsening Level: 1
[CMG] Current nodes: 2708, edges: 6664
[DEBUG] Starting CMG filtered clustering pipeline
[DEBUG] Parameters: k=10, d=10, threshold=0.1
[DEBUG] λ_critical ≈ 0.3333 for filter order k = 10
[DEBUG] Original graph: 2708 nodes, 13328 edges
[DEBUG] Building normalized Laplacian
[TIMING] laplacian_construction: 0.001s
Applying spectral filter with k=10, input shape=(2708, 10)
Spectral filtering complete. Output shape=(2708, 10)
[TIMING] spectral_filtering: 0.004s
Reweighted adjacency matrix has 12006 nonzeros
[TIMING] graph_reweighting: 0.042s
[DEBUG] Reweighted graph: 12006 edges
[DEBUG] Calling CMG on reweighted Laplacian
[DEBUG] CMG found 927 clusters
[DEBUG] Converted clusters (0-indexed): [  0   1   2 ... 713 631 230]
[TIMING] cmg_clustering: 0.001s
[DEBUG] Unweighted graph: 2708 nodes, 13328 edges

[DEBUG] Cluster 0: 4 nodes [0, 258, 751, 1031]
[DEBUG][φ] cut=20, deg_S=26, deg_comp=13302.0

[DEBUG] Cluster 1: 2 nodes [1, 344]
[DEBUG][φ] cut=46, deg_S=48, deg_comp=13280.0

[DEBUG] Cluster 2: 6 nodes [2, 298, 305, 410, 471, 1045]
[DEBUG][φ] cut=20, deg_S=34, deg_comp=13294.0

[DEBUG] Cluster 3: 4 nodes [3, 333, 463, 601]
[DEBUG][φ] cut=15, deg_S=21, deg_comp=13307.0

[DEBUG] Cluster 4: 2 nodes [4, 170]
[DEBUG][φ] cut=1, deg_S=3, deg_comp=13325.0

[DEBUG] Cluster 5: 5 nodes [5, 6, 45, 220, 490]
[DEBUG][φ] cut=10, deg_S=22, deg_comp=13306.0

[DEBUG] Cluster 6: 4 nodes [7, 400, 544, 2455]
[DEBUG][φ] cut=18, deg_S=24, deg_comp=13304.0

[DEBUG] Cluster 7: 4 nodes [8, 31, 435, 443]
[DEBUG][φ] cut=12, deg_S=22, deg_comp=13306.0

[DEBUG] Cluster 8: 4 nodes [9, 308, 481, 2028]
[DEBUG][φ] cut=6, deg_S=12, deg_comp=13316.0

[DEBUG] Cluster 9: 5 nodes [10, 192, 193, 510, 705]
[DEBUG][φ] cut=22, deg_S=34, deg_comp=13294.0

[DEBUG] Cluster 10: 2 nodes [11, 700]
[DEBUG][φ] cut=7, deg_S=9, deg_comp=13319.0

[DEBUG] Cluster 11: 5 nodes [12, 117, 155, 452, 513]
[DEBUG][φ] cut=4, deg_S=16, deg_comp=13312.0

[DEBUG] Cluster 12: 4 nodes [13, 482, 551, 578]
[DEBUG][φ] cut=10, deg_S=18, deg_comp=13310.0

[DEBUG] Cluster 13: 4 nodes [14, 384, 393, 437]
[DEBUG][φ] cut=17, deg_S=23, deg_comp=13305.0

[DEBUG] Cluster 14: 6 nodes [15, 152, 234, 399, 1250, 1251]
[DEBUG][φ] cut=10, deg_S=30, deg_comp=13298.0

[DEBUG] Cluster 15: 2 nodes [16, 733]
[DEBUG][φ] cut=11, deg_S=13, deg_comp=13315.0

[DEBUG] Cluster 16: 2 nodes [17, 146]
[DEBUG][φ] cut=2, deg_S=4, deg_comp=13324.0

[DEBUG] Cluster 17: 3 nodes [18, 866, 890]
[DEBUG][φ] cut=9, deg_S=15, deg_comp=13313.0

[DEBUG] Cluster 18: 5 nodes [19, 424, 571, 1762, 2331]
[DEBUG][φ] cut=8, deg_S=18, deg_comp=13310.0

[DEBUG] Cluster 19: 7 nodes [20, 130, 267, 334, 459, 732, 1897]
[DEBUG][φ] cut=13, deg_S=37, deg_comp=13291.0

[DEBUG] Cluster 20: 7 nodes [21, 239, 277, 385, 502, 567, 1440]
[DEBUG][φ] cut=24, deg_S=44, deg_comp=13284.0

[DEBUG] Cluster 21: 4 nodes [22, 191, 395, 448]
[DEBUG][φ] cut=10, deg_S=18, deg_comp=13310.0

[DEBUG] Cluster 22: 3 nodes [23, 292, 759]
[DEBUG][φ] cut=7, deg_S=11, deg_comp=13317.0

[DEBUG] Cluster 23: 3 nodes [24, 39, 269]
[DEBUG][φ] cut=1, deg_S=7, deg_comp=13321.0

[DEBUG] Cluster 24: 4 nodes [25, 456, 1296, 2151]
[DEBUG][φ] cut=19, deg_S=27, deg_comp=13301.0

[DEBUG] Cluster 25: 5 nodes [26, 724, 1903, 2612, 2625]
[DEBUG][φ] cut=3, deg_S=11, deg_comp=13317.0

[DEBUG] Cluster 26: 3 nodes [27, 84, 532]
[DEBUG][φ] cut=11, deg_S=15, deg_comp=13313.0

[DEBUG] Cluster 27: 9 nodes [28, 586, 1606, 2281, 2295, 2317, 2381, 2429, 2667]
[DEBUG][φ] cut=17, deg_S=49, deg_comp=13279.0

[DEBUG] Cluster 28: 3 nodes [29, 429, 1514]
[DEBUG][φ] cut=6, deg_S=10, deg_comp=13318.0

[DEBUG] Cluster 29: 4 nodes [30, 231, 285, 2276]
[DEBUG][φ] cut=7, deg_S=15, deg_comp=13313.0

[DEBUG] Cluster 30: 2 nodes [32, 679]
[DEBUG][φ] cut=1, deg_S=3, deg_comp=13325.0

[DEBUG] Cluster 31: 4 nodes [33, 708, 736, 1116]
[DEBUG][φ] cut=12, deg_S=20, deg_comp=13308.0

[DEBUG] Cluster 32: 2 nodes [34, 35]
[DEBUG][φ] cut=7, deg_S=9, deg_comp=13319.0

[DEBUG] Cluster 33: 4 nodes [36, 257, 480, 667]
[DEBUG][φ] cut=20, deg_S=28, deg_comp=13300.0

[DEBUG] Cluster 34: 3 nodes [37, 38, 563]
[DEBUG][φ] cut=12, deg_S=16, deg_comp=13312.0

[DEBUG] Cluster 35: 3 nodes [40, 535, 761]
[DEBUG][φ] cut=4, deg_S=8, deg_comp=13320.0

[DEBUG] Cluster 36: 7 nodes [41, 352, 533, 777, 904, 1372, 1733]
[DEBUG][φ] cut=17, deg_S=45, deg_comp=13283.0

[DEBUG] Cluster 37: 5 nodes [42, 139, 188, 721, 2361]
[DEBUG][φ] cut=20, deg_S=32, deg_comp=13296.0

[DEBUG] Cluster 38: 19 nodes [43, 73, 91, 113, 235, 315, 330, 336, 349, 353, 458, 494, 526, 545, 599, 610, 620, 628, 747]
[DEBUG][φ] cut=67, deg_S=103, deg_comp=13225.0

[DEBUG] Cluster 39: 3 nodes [44, 88, 762]
[DEBUG][φ] cut=15, deg_S=19, deg_comp=13309.0

[DEBUG] Cluster 40: 6 nodes [46, 253, 867, 1815, 2670, 2671]
[DEBUG][φ] cut=11, deg_S=33, deg_comp=13295.0

[DEBUG] Cluster 41: 4 nodes [47, 87, 2245, 2471]
[DEBUG][φ] cut=4, deg_S=14, deg_comp=13314.0

[DEBUG] Cluster 42: 2 nodes [48, 725]
[DEBUG][φ] cut=6, deg_S=8, deg_comp=13320.0

[DEBUG] Cluster 43: 4 nodes [49, 222, 581, 643]
[DEBUG][φ] cut=9, deg_S=19, deg_comp=13309.0

[DEBUG] Cluster 44: 2 nodes [50, 150]
[DEBUG][φ] cut=5, deg_S=7, deg_comp=13321.0

[DEBUG] Cluster 45: 3 nodes [51, 645, 2559]
[DEBUG][φ] cut=11, deg_S=15, deg_comp=13313.0

[DEBUG] Cluster 46: 4 nodes [52, 1823, 2487, 2580]
[DEBUG][φ] cut=7, deg_S=15, deg_comp=13313.0

[DEBUG] Cluster 47: 4 nodes [53, 243, 357, 1563]
[DEBUG][φ] cut=7, deg_S=17, deg_comp=13311.0

[DEBUG] Cluster 48: 2 nodes [54, 1965]
[DEBUG][φ] cut=9, deg_S=11, deg_comp=13317.0

[DEBUG] Cluster 49: 5 nodes [55, 361, 1784, 1834, 1905]
[DEBUG][φ] cut=11, deg_S=25, deg_comp=13303.0

[DEBUG] Cluster 50: 4 nodes [56, 114, 171, 778]
[DEBUG][φ] cut=6, deg_S=16, deg_comp=13312.0

[DEBUG] Cluster 51: 4 nodes [57, 306, 1376, 1727]
[DEBUG][φ] cut=13, deg_S=25, deg_comp=13303.0

[DEBUG] Cluster 52: 3 nodes [58, 990, 1891]
[DEBUG][φ] cut=13, deg_S=17, deg_comp=13311.0

[DEBUG] Cluster 53: 4 nodes [59, 570, 1200, 1709]
[DEBUG][φ] cut=28, deg_S=36, deg_comp=13292.0

[DEBUG] Cluster 54: 2 nodes [60, 252]
[DEBUG][φ] cut=9, deg_S=11, deg_comp=13317.0

[DEBUG] Cluster 55: 3 nodes [61, 240, 2308]
[DEBUG][φ] cut=4, deg_S=10, deg_comp=13318.0

[DEBUG] Cluster 56: 3 nodes [62, 423, 557]
[DEBUG][φ] cut=12, deg_S=16, deg_comp=13312.0

[DEBUG] Cluster 57: 4 nodes [63, 153, 739, 1546]
[DEBUG][φ] cut=6, deg_S=12, deg_comp=13316.0

[DEBUG] Cluster 58: 3 nodes [64, 284, 583]
[DEBUG][φ] cut=13, deg_S=19, deg_comp=13309.0

[DEBUG] Cluster 59: 5 nodes [65, 743, 2030, 2128, 2130]
[DEBUG][φ] cut=12, deg_S=28, deg_comp=13300.0

[DEBUG] Cluster 60: 2 nodes [66, 149]
[DEBUG][φ] cut=15, deg_S=17, deg_comp=13311.0

[DEBUG] Cluster 61: 4 nodes [67, 275, 729, 1945]
[DEBUG][φ] cut=11, deg_S=21, deg_comp=13307.0

[DEBUG] Cluster 62: 2 nodes [68, 1632]
[DEBUG][φ] cut=10, deg_S=12, deg_comp=13316.0

[DEBUG] Cluster 63: 3 nodes [69, 412, 688]
[DEBUG][φ] cut=12, deg_S=16, deg_comp=13312.0

[DEBUG] Cluster 64: 5 nodes [70, 1185, 1267, 1484, 1521]
[DEBUG][φ] cut=27, deg_S=41, deg_comp=13287.0

[DEBUG] Cluster 65: 3 nodes [71, 2118, 2442]
[DEBUG][φ] cut=14, deg_S=20, deg_comp=13308.0

[DEBUG] Cluster 66: 1 nodes [72]
[DEBUG][φ] cut=4, deg_S=4, deg_comp=13324.0

[DEBUG] Cluster 67: 6 nodes [74, 310, 511, 1220, 2335, 2378]
[DEBUG][φ] cut=47, deg_S=57, deg_comp=13271.0

[DEBUG] Cluster 68: 1 nodes [75]
[DEBUG][φ] cut=11, deg_S=11, deg_comp=13317.0

[DEBUG] Cluster 69: 5 nodes [76, 131, 181, 518, 1548]
[DEBUG][φ] cut=23, deg_S=35, deg_comp=13293.0

[DEBUG] Cluster 70: 7 nodes [77, 132, 143, 180, 337, 346, 363]
[DEBUG][φ] cut=3, deg_S=21, deg_comp=13307.0

[DEBUG] Cluster 71: 3 nodes [78, 214, 469]
[DEBUG][φ] cut=7, deg_S=13, deg_comp=13315.0

[DEBUG] Cluster 72: 3 nodes [79, 1786, 2207]
[DEBUG][φ] cut=1, deg_S=7, deg_comp=13321.0

[DEBUG] Cluster 73: 3 nodes [80, 1145, 2044]
[DEBUG][φ] cut=8, deg_S=12, deg_comp=13316.0

[DEBUG] Cluster 74: 1 nodes [81]
[DEBUG][φ] cut=1, deg_S=1, deg_comp=13327.0

[DEBUG] Cluster 75: 5 nodes [82, 901, 1552, 1553, 1554]
[DEBUG][φ] cut=13, deg_S=27, deg_comp=13301.0

[DEBUG] Cluster 76: 3 nodes [83, 2472, 2476]
[DEBUG][φ] cut=6, deg_S=10, deg_comp=13318.0

[DEBUG] Cluster 77: 4 nodes [85, 425, 2368, 2642]
[DEBUG][φ] cut=9, deg_S=17, deg_comp=13311.0

[DEBUG] Cluster 78: 4 nodes [86, 216, 1956, 2436]
[DEBUG][φ] cut=13, deg_S=23, deg_comp=13305.0

[DEBUG] Cluster 79: 5 nodes [89, 264, 436, 635, 683]
[DEBUG][φ] cut=26, deg_S=34, deg_comp=13294.0

[DEBUG] Cluster 80: 2 nodes [90, 680]
[DEBUG][φ] cut=3, deg_S=5, deg_comp=13323.0

[DEBUG] Cluster 81: 4 nodes [92, 2213, 2253, 2438]
[DEBUG][φ] cut=17, deg_S=23, deg_comp=13305.0

[DEBUG] Cluster 82: 4 nodes [93, 1783, 2348, 2682]
[DEBUG][φ] cut=8, deg_S=16, deg_comp=13312.0

[DEBUG] Cluster 83: 4 nodes [94, 126, 1761, 2234]
[DEBUG][φ] cut=6, deg_S=14, deg_comp=13314.0

[DEBUG] Cluster 84: 4 nodes [95, 358, 894, 1255]
[DEBUG][φ] cut=6, deg_S=14, deg_comp=13314.0

[DEBUG] Cluster 85: 3 nodes [96, 215, 2061]
[DEBUG][φ] cut=13, deg_S=17, deg_comp=13311.0

[DEBUG] Cluster 86: 8 nodes [97, 356, 388, 420, 439, 2214, 2223, 2590]
[DEBUG][φ] cut=23, deg_S=47, deg_comp=13281.0

[DEBUG] Cluster 87: 5 nodes [98, 2036, 2198, 2695, 2696]
[DEBUG][φ] cut=6, deg_S=14, deg_comp=13314.0

[DEBUG] Cluster 88: 3 nodes [99, 1852, 2592]
[DEBUG][φ] cut=9, deg_S=15, deg_comp=13313.0

[DEBUG] Cluster 89: 6 nodes [100, 262, 265, 266, 758, 1980]
[DEBUG][φ] cut=6, deg_S=20, deg_comp=13308.0

[DEBUG] Cluster 90: 5 nodes [101, 2596, 2669, 2680, 2686]
[DEBUG][φ] cut=4, deg_S=16, deg_comp=13312.0

[DEBUG] Cluster 91: 2 nodes [102, 404]
[DEBUG][φ] cut=9, deg_S=11, deg_comp=13317.0

[DEBUG] Cluster 92: 2 nodes [103, 1957]
[DEBUG][φ] cut=9, deg_S=11, deg_comp=13317.0

[DEBUG] Cluster 93: 6 nodes [104, 202, 204, 274, 741, 771]
[DEBUG][φ] cut=25, deg_S=41, deg_comp=13287.0

[DEBUG] Cluster 94: 2 nodes [105, 1326]
[DEBUG][φ] cut=12, deg_S=14, deg_comp=13314.0

[DEBUG] Cluster 95: 5 nodes [106, 224, 597, 675, 2339]
[DEBUG][φ] cut=18, deg_S=30, deg_comp=13298.0

[DEBUG] Cluster 96: 4 nodes [107, 108, 498, 898]
[DEBUG][φ] cut=11, deg_S=21, deg_comp=13307.0

[DEBUG] Cluster 97: 1 nodes [109]
[DEBUG][φ] cut=20, deg_S=20, deg_comp=13308.0

[DEBUG] Cluster 98: 5 nodes [110, 1806, 2279, 2336, 2579]
[DEBUG][φ] cut=8, deg_S=18, deg_comp=13310.0

[DEBUG] Cluster 99: 5 nodes [111, 350, 351, 730, 770]
[DEBUG][φ] cut=12, deg_S=26, deg_comp=13302.0

[DEBUG] Cluster 100: 2 nodes [112, 572]
[DEBUG][φ] cut=8, deg_S=10, deg_comp=13318.0

[DEBUG] Cluster 101: 4 nodes [115, 138, 889, 892]
[DEBUG][φ] cut=22, deg_S=32, deg_comp=13296.0

[DEBUG] Cluster 102: 2 nodes [116, 225]
[DEBUG][φ] cut=8, deg_S=10, deg_comp=13318.0

[DEBUG] Cluster 103: 8 nodes [118, 465, 636, 703, 2027, 2201, 2233, 2672]
[DEBUG][φ] cut=26, deg_S=56, deg_comp=13272.0

[DEBUG] Cluster 104: 2 nodes [119, 430]
[DEBUG][φ] cut=38, deg_S=40, deg_comp=13288.0

[DEBUG] Cluster 105: 5 nodes [120, 141, 860, 1184, 2199]
[DEBUG][φ] cut=20, deg_S=30, deg_comp=13298.0

[DEBUG] Cluster 106: 4 nodes [121, 979, 1825, 1966]
[DEBUG][φ] cut=11, deg_S=19, deg_comp=13309.0

[DEBUG] Cluster 107: 3 nodes [122, 124, 127]
[DEBUG][φ] cut=15, deg_S=21, deg_comp=13307.0

[DEBUG] Cluster 108: 4 nodes [123, 553, 2459, 2606]
[DEBUG][φ] cut=5, deg_S=11, deg_comp=13317.0

[DEBUG] Cluster 109: 6 nodes [125, 160, 1857, 2020, 2540, 2681]
[DEBUG][φ] cut=6, deg_S=30, deg_comp=13298.0

[DEBUG] Cluster 110: 3 nodes [128, 1529, 1616]
[DEBUG][φ] cut=15, deg_S=21, deg_comp=13307.0

[DEBUG] Cluster 111: 1 nodes [129]
[DEBUG][φ] cut=17, deg_S=17, deg_comp=13311.0

[DEBUG] Cluster 112: 4 nodes [133, 179, 394, 608]
[DEBUG][φ] cut=8, deg_S=20, deg_comp=13308.0

[DEBUG] Cluster 113: 5 nodes [134, 842, 1118, 1443, 1540]
[DEBUG][φ] cut=12, deg_S=20, deg_comp=13308.0

[DEBUG] Cluster 114: 6 nodes [135, 147, 418, 479, 654, 1260]
[DEBUG][φ] cut=18, deg_S=38, deg_comp=13290.0

[DEBUG] Cluster 115: 1 nodes [136]
[DEBUG][φ] cut=20, deg_S=20, deg_comp=13308.0

[DEBUG] Cluster 116: 2 nodes [137, 416]
[DEBUG][φ] cut=9, deg_S=11, deg_comp=13317.0

[DEBUG] Cluster 117: 5 nodes [140, 323, 2155, 2467, 2468]
[DEBUG][φ] cut=8, deg_S=16, deg_comp=13312.0

[DEBUG] Cluster 118: 6 nodes [142, 227, 823, 1283, 1318, 1547]
[DEBUG][φ] cut=17, deg_S=39, deg_comp=13289.0

[DEBUG] Cluster 119: 4 nodes [144, 409, 444, 753]
[DEBUG][φ] cut=6, deg_S=16, deg_comp=13312.0

[DEBUG] Cluster 120: 2 nodes [145, 390]
[DEBUG][φ] cut=12, deg_S=14, deg_comp=13314.0

[DEBUG] Cluster 121: 3 nodes [148, 210, 644]
[DEBUG][φ] cut=11, deg_S=17, deg_comp=13311.0

[DEBUG] Cluster 122: 4 nodes [151, 360, 474, 698]
[DEBUG][φ] cut=5, deg_S=15, deg_comp=13313.0

[DEBUG] Cluster 123: 3 nodes [154, 392, 2390]
[DEBUG][φ] cut=15, deg_S=19, deg_comp=13309.0

[DEBUG] Cluster 124: 5 nodes [156, 236, 431, 1107, 1617]
[DEBUG][φ] cut=14, deg_S=24, deg_comp=13304.0

[DEBUG] Cluster 125: 1 nodes [157]
[DEBUG][φ] cut=30, deg_S=30, deg_comp=13298.0

[DEBUG] Cluster 126: 2 nodes [158, 433]
[DEBUG][φ] cut=12, deg_S=14, deg_comp=13314.0

[DEBUG] Cluster 127: 4 nodes [159, 985, 2066, 2674]
[DEBUG][φ] cut=10, deg_S=22, deg_comp=13306.0

[DEBUG] Cluster 128: 3 nodes [161, 347, 713]
[DEBUG][φ] cut=11, deg_S=15, deg_comp=13313.0

[DEBUG] Cluster 129: 3 nodes [162, 775, 875]
[DEBUG][φ] cut=8, deg_S=12, deg_comp=13316.0

[DEBUG] Cluster 130: 4 nodes [163, 546, 765, 1224]
[DEBUG][φ] cut=169, deg_S=175, deg_comp=13153.0

[DEBUG] Cluster 131: 5 nodes [164, 246, 560, 955, 1280]
[DEBUG][φ] cut=13, deg_S=23, deg_comp=13305.0

[DEBUG] Cluster 132: 6 nodes [165, 184, 302, 428, 432, 598]
[DEBUG][φ] cut=10, deg_S=30, deg_comp=13298.0

[DEBUG] Cluster 133: 6 nodes [166, 457, 649, 752, 1125, 1496]
[DEBUG][φ] cut=20, deg_S=34, deg_comp=13294.0

[DEBUG] Cluster 134: 5 nodes [167, 548, 554, 621, 1859]
[DEBUG][φ] cut=20, deg_S=36, deg_comp=13292.0

[DEBUG] Cluster 135: 2 nodes [168, 475]
[DEBUG][φ] cut=5, deg_S=7, deg_comp=13321.0

[DEBUG] Cluster 136: 3 nodes [169, 2026, 2552]
[DEBUG][φ] cut=9, deg_S=15, deg_comp=13313.0

[DEBUG] Cluster 137: 2 nodes [172, 245]
[DEBUG][φ] cut=3, deg_S=5, deg_comp=13323.0

[DEBUG] Cluster 138: 4 nodes [173, 575, 1816, 2485]
[DEBUG][φ] cut=24, deg_S=32, deg_comp=13296.0

[DEBUG] Cluster 139: 4 nodes [174, 496, 501, 663]
[DEBUG][φ] cut=7, deg_S=17, deg_comp=13311.0

[DEBUG] Cluster 140: 4 nodes [175, 217, 609, 685]
[DEBUG][φ] cut=7, deg_S=13, deg_comp=13315.0

[DEBUG] Cluster 141: 1 nodes [176]
[DEBUG][φ] cut=2, deg_S=2, deg_comp=13326.0

[DEBUG] Cluster 142: 4 nodes [177, 1743, 1959, 2192]
[DEBUG][φ] cut=8, deg_S=18, deg_comp=13310.0

[DEBUG] Cluster 143: 2 nodes [178, 286]
[DEBUG][φ] cut=6, deg_S=8, deg_comp=13320.0

[DEBUG] Cluster 144: 4 nodes [182, 468, 491, 2377]
[DEBUG][φ] cut=4, deg_S=16, deg_comp=13312.0

[DEBUG] Cluster 145: 4 nodes [183, 454, 539, 541]
[DEBUG][φ] cut=9, deg_S=21, deg_comp=13307.0

[DEBUG] Cluster 146: 3 nodes [185, 332, 389]
[DEBUG][φ] cut=12, deg_S=18, deg_comp=13310.0

[DEBUG] Cluster 147: 3 nodes [186, 588, 699]
[DEBUG][φ] cut=10, deg_S=16, deg_comp=13312.0

[DEBUG] Cluster 148: 3 nodes [187, 462, 2582]
[DEBUG][φ] cut=5, deg_S=9, deg_comp=13319.0

[DEBUG] Cluster 149: 5 nodes [189, 415, 1790, 2102, 2664]
[DEBUG][φ] cut=23, deg_S=37, deg_comp=13291.0

[DEBUG] Cluster 150: 2 nodes [190, 2081]
[DEBUG][φ] cut=17, deg_S=19, deg_comp=13309.0

[DEBUG] Cluster 151: 1 nodes [194]
[DEBUG][φ] cut=1, deg_S=1, deg_comp=13327.0

[DEBUG] Cluster 152: 3 nodes [195, 196, 707]
[DEBUG][φ] cut=7, deg_S=13, deg_comp=13315.0

[DEBUG] Cluster 153: 5 nodes [197, 449, 566, 633, 722]
[DEBUG][φ] cut=46, deg_S=54, deg_comp=13274.0

[DEBUG] Cluster 154: 2 nodes [198, 655]
[DEBUG][φ] cut=2, deg_S=4, deg_comp=13324.0

[DEBUG] Cluster 155: 8 nodes [199, 287, 792, 1360, 2053, 2054, 2685, 2690]
[DEBUG][φ] cut=24, deg_S=50, deg_comp=13278.0

[DEBUG] Cluster 156: 2 nodes [200, 536]
[DEBUG][φ] cut=7, deg_S=9, deg_comp=13319.0

[DEBUG] Cluster 157: 6 nodes [201, 1754, 1867, 1869, 2409, 2562]
[DEBUG][φ] cut=20, deg_S=34, deg_comp=13294.0

[DEBUG] Cluster 158: 4 nodes [203, 1787, 1871, 2505]
[DEBUG][φ] cut=17, deg_S=25, deg_comp=13303.0

[DEBUG] Cluster 159: 2 nodes [205, 600]
[DEBUG][φ] cut=6, deg_S=8, deg_comp=13320.0

[DEBUG] Cluster 160: 5 nodes [206, 1042, 1043, 1435, 1490]
[DEBUG][φ] cut=9, deg_S=25, deg_comp=13303.0

[DEBUG] Cluster 161: 7 nodes [207, 1518, 1536, 1663, 1676, 1728, 2504]
[DEBUG][φ] cut=17, deg_S=45, deg_comp=13283.0

[DEBUG] Cluster 162: 4 nodes [208, 634, 660, 2593]
[DEBUG][φ] cut=16, deg_S=24, deg_comp=13304.0

[DEBUG] Cluster 163: 3 nodes [209, 2407, 2704]
[DEBUG][φ] cut=5, deg_S=11, deg_comp=13317.0

[DEBUG] Cluster 164: 4 nodes [211, 742, 1527, 2076]
[DEBUG][φ] cut=29, deg_S=37, deg_comp=13291.0

[DEBUG] Cluster 165: 4 nodes [212, 293, 387, 1258]
[DEBUG][φ] cut=7, deg_S=13, deg_comp=13315.0

[DEBUG] Cluster 166: 3 nodes [213, 492, 734]
[DEBUG][φ] cut=10, deg_S=16, deg_comp=13312.0

[DEBUG] Cluster 167: 2 nodes [218, 378]
[DEBUG][φ] cut=27, deg_S=29, deg_comp=13299.0

[DEBUG] Cluster 168: 5 nodes [219, 1134, 1264, 1689, 1738]
[DEBUG][φ] cut=15, deg_S=27, deg_comp=13301.0

[DEBUG] Cluster 169: 2 nodes [221, 629]
[DEBUG][φ] cut=3, deg_S=5, deg_comp=13323.0

[DEBUG] Cluster 170: 6 nodes [223, 547, 651, 1568, 2033, 2622]
[DEBUG][φ] cut=11, deg_S=29, deg_comp=13299.0

[DEBUG] Cluster 171: 1 nodes [226]
[DEBUG][φ] cut=1, deg_S=1, deg_comp=13327.0

[DEBUG] Cluster 172: 3 nodes [228, 259, 320]
[DEBUG][φ] cut=13, deg_S=17, deg_comp=13311.0

[DEBUG] Cluster 173: 3 nodes [229, 477, 1760]
[DEBUG][φ] cut=15, deg_S=19, deg_comp=13309.0

[DEBUG] Cluster 174: 3 nodes [230, 391, 1284]
[DEBUG][φ] cut=16, deg_S=20, deg_comp=13308.0

[DEBUG] Cluster 175: 5 nodes [232, 268, 613, 616, 2046]
[DEBUG][φ] cut=10, deg_S=26, deg_comp=13302.0

[DEBUG] Cluster 176: 3 nodes [233, 283, 2093]
[DEBUG][φ] cut=8, deg_S=14, deg_comp=13314.0

[DEBUG] Cluster 177: 2 nodes [237, 329]
[DEBUG][φ] cut=2, deg_S=4, deg_comp=13324.0

[DEBUG] Cluster 178: 3 nodes [238, 301, 489]
[DEBUG][φ] cut=9, deg_S=15, deg_comp=13313.0

[DEBUG] Cluster 179: 4 nodes [241, 763, 1879, 2355]
[DEBUG][φ] cut=3, deg_S=13, deg_comp=13315.0

[DEBUG] Cluster 180: 4 nodes [242, 472, 650, 1006]
[DEBUG][φ] cut=16, deg_S=24, deg_comp=13304.0

[DEBUG] Cluster 181: 2 nodes [244, 750]
[DEBUG][φ] cut=2, deg_S=4, deg_comp=13324.0

[DEBUG] Cluster 182: 5 nodes [247, 982, 1973, 2446, 2451]
[DEBUG][φ] cut=11, deg_S=23, deg_comp=13305.0

[DEBUG] Cluster 183: 6 nodes [248, 312, 398, 419, 776, 2088]
[DEBUG][φ] cut=22, deg_S=38, deg_comp=13290.0

[DEBUG] Cluster 184: 3 nodes [249, 373, 652]
[DEBUG][φ] cut=4, deg_S=8, deg_comp=13320.0

[DEBUG] Cluster 185: 1 nodes [250]
[DEBUG][φ] cut=16, deg_S=16, deg_comp=13312.0

[DEBUG] Cluster 186: 3 nodes [251, 865, 1505]
[DEBUG][φ] cut=15, deg_S=21, deg_comp=13307.0

[DEBUG] Cluster 187: 4 nodes [254, 1176, 1866, 2272]
[DEBUG][φ] cut=5, deg_S=13, deg_comp=13315.0

[DEBUG] Cluster 188: 8 nodes [255, 421, 550, 569, 767, 1092, 1522, 2099]
[DEBUG][φ] cut=28, deg_S=52, deg_comp=13276.0

[DEBUG] Cluster 189: 5 nodes [256, 949, 987, 1608, 2225]
[DEBUG][φ] cut=15, deg_S=25, deg_comp=13303.0

[DEBUG] Cluster 190: 3 nodes [260, 619, 2069]
[DEBUG][φ] cut=8, deg_S=14, deg_comp=13314.0

[DEBUG] Cluster 191: 2 nodes [261, 626]
[DEBUG][φ] cut=3, deg_S=5, deg_comp=13323.0

[DEBUG] Cluster 192: 3 nodes [263, 604, 668]
[DEBUG][φ] cut=14, deg_S=18, deg_comp=13310.0

[DEBUG] Cluster 193: 3 nodes [270, 495, 573]
[DEBUG][φ] cut=14, deg_S=20, deg_comp=13308.0

[DEBUG] Cluster 194: 6 nodes [271, 718, 899, 2056, 2095, 2230]
[DEBUG][φ] cut=10, deg_S=20, deg_comp=13308.0

[DEBUG] Cluster 195: 1 nodes [272]
[DEBUG][φ] cut=3, deg_S=3, deg_comp=13325.0

[DEBUG] Cluster 196: 2 nodes [273, 372]
[DEBUG][φ] cut=6, deg_S=8, deg_comp=13320.0

[DEBUG] Cluster 197: 3 nodes [276, 342, 2546]
[DEBUG][φ] cut=19, deg_S=25, deg_comp=13303.0

[DEBUG] Cluster 198: 6 nodes [278, 515, 623, 637, 1064, 1141]
[DEBUG][φ] cut=17, deg_S=31, deg_comp=13297.0

[DEBUG] Cluster 199: 2 nodes [279, 464]
[DEBUG][φ] cut=6, deg_S=8, deg_comp=13320.0

[DEBUG] Cluster 200: 1 nodes [280]
[DEBUG][φ] cut=6, deg_S=6, deg_comp=13322.0

[DEBUG] Cluster 201: 2 nodes [281, 460]
[DEBUG][φ] cut=2, deg_S=4, deg_comp=13324.0

[DEBUG] Cluster 202: 2 nodes [282, 589]
[DEBUG][φ] cut=3, deg_S=5, deg_comp=13323.0

[DEBUG] Cluster 203: 2 nodes [288, 2565]
[DEBUG][φ] cut=7, deg_S=9, deg_comp=13319.0

[DEBUG] Cluster 204: 6 nodes [289, 612, 1163, 1278, 1534, 1597]
[DEBUG][φ] cut=25, deg_S=41, deg_comp=13287.0

[DEBUG] Cluster 205: 3 nodes [290, 1839, 2688]
[DEBUG][φ] cut=12, deg_S=18, deg_comp=13310.0

[DEBUG] Cluster 206: 2 nodes [291, 487]
[DEBUG][φ] cut=2, deg_S=4, deg_comp=13324.0

[DEBUG] Cluster 207: 1 nodes [294]
[DEBUG][φ] cut=32, deg_S=32, deg_comp=13296.0

[DEBUG] Cluster 208: 3 nodes [295, 882, 1012]
[DEBUG][φ] cut=18, deg_S=24, deg_comp=13304.0

[DEBUG] Cluster 209: 4 nodes [296, 438, 692, 720]
[DEBUG][φ] cut=14, deg_S=22, deg_comp=13306.0

[DEBUG] Cluster 210: 2 nodes [297, 441]
[DEBUG][φ] cut=3, deg_S=5, deg_comp=13323.0

[DEBUG] Cluster 211: 5 nodes [299, 596, 746, 1827, 2110]
[DEBUG][φ] cut=6, deg_S=16, deg_comp=13312.0

[DEBUG] Cluster 212: 3 nodes [300, 1448, 1621]
[DEBUG][φ] cut=8, deg_S=14, deg_comp=13314.0

[DEBUG] Cluster 213: 7 nodes [303, 893, 902, 1033, 1074, 1174, 1297]
[DEBUG][φ] cut=15, deg_S=33, deg_comp=13295.0

[DEBUG] Cluster 214: 3 nodes [304, 1912, 1932]
[DEBUG][φ] cut=10, deg_S=14, deg_comp=13314.0

[DEBUG] Cluster 215: 5 nodes [307, 735, 1961, 2100, 2527]
[DEBUG][φ] cut=10, deg_S=22, deg_comp=13306.0

[DEBUG] Cluster 216: 6 nodes [309, 800, 1277, 1476, 1807, 2490]
[DEBUG][φ] cut=14, deg_S=28, deg_comp=13300.0

[DEBUG] Cluster 217: 2 nodes [311, 406]
[DEBUG][φ] cut=4, deg_S=6, deg_comp=13322.0

[DEBUG] Cluster 218: 3 nodes [313, 534, 1377]
[DEBUG][φ] cut=7, deg_S=11, deg_comp=13317.0

[DEBUG] Cluster 219: 3 nodes [314, 509, 1684]
[DEBUG][φ] cut=14, deg_S=18, deg_comp=13310.0

[DEBUG] Cluster 220: 3 nodes [316, 2057, 2465]
[DEBUG][φ] cut=10, deg_S=14, deg_comp=13314.0

[DEBUG] Cluster 221: 5 nodes [317, 417, 508, 2324, 2326]
[DEBUG][φ] cut=8, deg_S=20, deg_comp=13308.0

[DEBUG] Cluster 222: 5 nodes [318, 1368, 2310, 2369, 2607]
[DEBUG][φ] cut=23, deg_S=31, deg_comp=13297.0

[DEBUG] Cluster 223: 4 nodes [319, 706, 2059, 2651]
[DEBUG][φ] cut=9, deg_S=15, deg_comp=13313.0

[DEBUG] Cluster 224: 8 nodes [321, 1192, 1954, 2150, 2179, 2183, 2222, 2305]
[DEBUG][φ] cut=5, deg_S=49, deg_comp=13279.0

[DEBUG] Cluster 225: 8 nodes [322, 701, 822, 986, 1644, 2484, 2614, 2616]
[DEBUG][φ] cut=29, deg_S=55, deg_comp=13273.0

[DEBUG] Cluster 226: 2 nodes [324, 326]
[DEBUG][φ] cut=10, deg_S=12, deg_comp=13316.0

[DEBUG] Cluster 227: 4 nodes [325, 772, 841, 1201]
[DEBUG][φ] cut=18, deg_S=26, deg_comp=13302.0

[DEBUG] Cluster 228: 7 nodes [327, 782, 925, 1480, 1487, 1528, 1532]
[DEBUG][φ] cut=17, deg_S=31, deg_comp=13297.0

[DEBUG] Cluster 229: 3 nodes [328, 1774, 2619]
[DEBUG][φ] cut=10, deg_S=16, deg_comp=13312.0

[DEBUG] Cluster 230: 5 nodes [331, 774, 1389, 2344, 2707]
[DEBUG][φ] cut=10, deg_S=20, deg_comp=13308.0

[DEBUG] Cluster 231: 6 nodes [335, 396, 585, 1275, 2290, 2291]
[DEBUG][φ] cut=22, deg_S=44, deg_comp=13284.0

[DEBUG] Cluster 232: 4 nodes [338, 627, 1057, 1359]
[DEBUG][φ] cut=7, deg_S=19, deg_comp=13309.0

[DEBUG] Cluster 233: 4 nodes [339, 971, 1549, 1602]
[DEBUG][φ] cut=10, deg_S=18, deg_comp=13310.0

[DEBUG] Cluster 234: 1 nodes [340]
[DEBUG][φ] cut=3, deg_S=3, deg_comp=13325.0

[DEBUG] Cluster 235: 1 nodes [341]
[DEBUG][φ] cut=3, deg_S=3, deg_comp=13325.0

[DEBUG] Cluster 236: 4 nodes [343, 530, 813, 1274]
[DEBUG][φ] cut=15, deg_S=21, deg_comp=13307.0

[DEBUG] Cluster 237: 4 nodes [345, 1829, 2266, 2389]
[DEBUG][φ] cut=12, deg_S=20, deg_comp=13308.0

[DEBUG] Cluster 238: 4 nodes [348, 1061, 1244, 1596]
[DEBUG][φ] cut=14, deg_S=24, deg_comp=13304.0

[DEBUG] Cluster 239: 5 nodes [354, 839, 874, 1072, 1526]
[DEBUG][φ] cut=27, deg_S=41, deg_comp=13287.0

[DEBUG] Cluster 240: 6 nodes [355, 1093, 1094, 2068, 2085, 2228]
[DEBUG][φ] cut=8, deg_S=26, deg_comp=13302.0

[DEBUG] Cluster 241: 1 nodes [359]
[DEBUG][φ] cut=15, deg_S=15, deg_comp=13313.0

[DEBUG] Cluster 242: 3 nodes [362, 2191, 2275]
[DEBUG][φ] cut=5, deg_S=9, deg_comp=13319.0

[DEBUG] Cluster 243: 3 nodes [364, 366, 590]
[DEBUG][φ] cut=5, deg_S=11, deg_comp=13317.0

[DEBUG] Cluster 244: 3 nodes [365, 2112, 2572]
[DEBUG][φ] cut=5, deg_S=11, deg_comp=13317.0

[DEBUG] Cluster 245: 9 nodes [367, 370, 440, 562, 717, 1828, 1877, 2014, 2018]
[DEBUG][φ] cut=34, deg_S=68, deg_comp=13260.0

[DEBUG] Cluster 246: 2 nodes [368, 369]
[DEBUG][φ] cut=4, deg_S=6, deg_comp=13322.0

[DEBUG] Cluster 247: 3 nodes [371, 2239, 2413]
[DEBUG][φ] cut=18, deg_S=24, deg_comp=13304.0

[DEBUG] Cluster 248: 2 nodes [374, 455]
[DEBUG][φ] cut=2, deg_S=4, deg_comp=13324.0

[DEBUG] Cluster 249: 4 nodes [375, 836, 1266, 1576]
[DEBUG][φ] cut=9, deg_S=17, deg_comp=13311.0

[DEBUG] Cluster 250: 3 nodes [376, 641, 704]
[DEBUG][φ] cut=3, deg_S=7, deg_comp=13321.0

[DEBUG] Cluster 251: 3 nodes [377, 505, 622]
[DEBUG][φ] cut=8, deg_S=12, deg_comp=13316.0

[DEBUG] Cluster 252: 1 nodes [379]
[DEBUG][φ] cut=2, deg_S=2, deg_comp=13326.0

[DEBUG] Cluster 253: 5 nodes [380, 1054, 1473, 1690, 1737]
[DEBUG][φ] cut=19, deg_S=35, deg_comp=13293.0

[DEBUG] Cluster 254: 5 nodes [381, 497, 1270, 2197, 2342]
[DEBUG][φ] cut=13, deg_S=27, deg_comp=13301.0

[DEBUG] Cluster 255: 7 nodes [382, 861, 1227, 1236, 1669, 1837, 2132]
[DEBUG][φ] cut=10, deg_S=30, deg_comp=13298.0

[DEBUG] Cluster 256: 4 nodes [383, 631, 1562, 1637]
[DEBUG][φ] cut=7, deg_S=15, deg_comp=13313.0

[DEBUG] Cluster 257: 4 nodes [386, 413, 611, 716]
[DEBUG][φ] cut=44, deg_S=50, deg_comp=13278.0

[DEBUG] Cluster 258: 4 nodes [397, 695, 1967, 2346]
[DEBUG][φ] cut=8, deg_S=16, deg_comp=13312.0

[DEBUG] Cluster 259: 5 nodes [401, 442, 632, 1986, 2462]
[DEBUG][φ] cut=13, deg_S=23, deg_comp=13305.0

[DEBUG] Cluster 260: 2 nodes [402, 681]
[DEBUG][φ] cut=9, deg_S=11, deg_comp=13317.0

[DEBUG] Cluster 261: 3 nodes [403, 2104, 2309]
[DEBUG][φ] cut=10, deg_S=16, deg_comp=13312.0

[DEBUG] Cluster 262: 2 nodes [405, 1592]
[DEBUG][φ] cut=7, deg_S=9, deg_comp=13319.0

[DEBUG] Cluster 263: 3 nodes [407, 512, 2439]
[DEBUG][φ] cut=5, deg_S=11, deg_comp=13317.0

[DEBUG] Cluster 264: 3 nodes [408, 447, 630]
[DEBUG][φ] cut=2, deg_S=8, deg_comp=13320.0

[DEBUG] Cluster 265: 6 nodes [411, 1600, 2049, 2218, 2306, 2594]
[DEBUG][φ] cut=16, deg_S=26, deg_comp=13302.0

[DEBUG] Cluster 266: 5 nodes [414, 1135, 1442, 1444, 1445]
[DEBUG][φ] cut=10, deg_S=24, deg_comp=13304.0

[DEBUG] Cluster 267: 2 nodes [422, 1069]
[DEBUG][φ] cut=9, deg_S=11, deg_comp=13317.0

[DEBUG] Cluster 268: 3 nodes [426, 2126, 2591]
[DEBUG][φ] cut=26, deg_S=30, deg_comp=13298.0

[DEBUG] Cluster 269: 6 nodes [427, 461, 493, 561, 665, 674]
[DEBUG][φ] cut=64, deg_S=74, deg_comp=13254.0

[DEBUG] Cluster 270: 5 nodes [434, 1339, 1678, 2343, 2443]
[DEBUG][φ] cut=20, deg_S=28, deg_comp=13300.0

[DEBUG] Cluster 271: 3 nodes [445, 690, 2457]
[DEBUG][φ] cut=2, deg_S=6, deg_comp=13322.0

[DEBUG] Cluster 272: 3 nodes [446, 552, 723]
[DEBUG][φ] cut=49, deg_S=53, deg_comp=13275.0

[DEBUG] Cluster 273: 5 nodes [450, 646, 954, 969, 2558]
[DEBUG][φ] cut=4, deg_S=16, deg_comp=13312.0

[DEBUG] Cluster 274: 4 nodes [451, 2411, 2453, 2666]
[DEBUG][φ] cut=3, deg_S=11, deg_comp=13317.0

[DEBUG] Cluster 275: 1 nodes [453]
[DEBUG][φ] cut=25, deg_S=25, deg_comp=13303.0

[DEBUG] Cluster 276: 3 nodes [466, 1314, 2536]
[DEBUG][φ] cut=18, deg_S=22, deg_comp=13306.0

[DEBUG] Cluster 277: 5 nodes [467, 1993, 2000, 2016, 2115]
[DEBUG][φ] cut=23, deg_S=39, deg_comp=13289.0

[DEBUG] Cluster 278: 4 nodes [470, 478, 618, 754]
[DEBUG][φ] cut=16, deg_S=22, deg_comp=13306.0

[DEBUG] Cluster 279: 2 nodes [473, 1459]
[DEBUG][φ] cut=18, deg_S=20, deg_comp=13308.0

[DEBUG] Cluster 280: 2 nodes [476, 605]
[DEBUG][φ] cut=5, deg_S=7, deg_comp=13321.0

[DEBUG] Cluster 281: 4 nodes [483, 749, 933, 1447]
[DEBUG][φ] cut=35, deg_S=45, deg_comp=13283.0

[DEBUG] Cluster 282: 3 nodes [484, 642, 697]
[DEBUG][φ] cut=2, deg_S=6, deg_comp=13322.0

[DEBUG] Cluster 283: 6 nodes [485, 711, 1893, 1895, 2380, 2561]
[DEBUG][φ] cut=19, deg_S=31, deg_comp=13297.0

[DEBUG] Cluster 284: 6 nodes [486, 922, 923, 1148, 1233, 1416]
[DEBUG][φ] cut=18, deg_S=36, deg_comp=13292.0

[DEBUG] Cluster 285: 2 nodes [488, 549]
[DEBUG][φ] cut=14, deg_S=16, deg_comp=13312.0

[DEBUG] Cluster 286: 3 nodes [499, 1128, 1288]
[DEBUG][φ] cut=12, deg_S=18, deg_comp=13310.0

[DEBUG] Cluster 287: 3 nodes [500, 1767, 2193]
[DEBUG][φ] cut=17, deg_S=23, deg_comp=13305.0

[DEBUG] Cluster 288: 6 nodes [503, 1583, 1952, 2029, 2396, 2563]
[DEBUG][φ] cut=15, deg_S=37, deg_comp=13291.0

[DEBUG] Cluster 289: 1 nodes [504]
[DEBUG][φ] cut=1, deg_S=1, deg_comp=13327.0

[DEBUG] Cluster 290: 2 nodes [506, 514]
[DEBUG][φ] cut=4, deg_S=6, deg_comp=13322.0

[DEBUG] Cluster 291: 4 nodes [507, 1888, 2394, 2427]
[DEBUG][φ] cut=13, deg_S=23, deg_comp=13305.0

[DEBUG] Cluster 292: 1 nodes [516]
[DEBUG][φ] cut=3, deg_S=3, deg_comp=13325.0

[DEBUG] Cluster 293: 4 nodes [517, 859, 1170, 1198]
[DEBUG][φ] cut=5, deg_S=15, deg_comp=13313.0

[DEBUG] Cluster 294: 1 nodes [519]
[DEBUG][φ] cut=13, deg_S=13, deg_comp=13315.0

[DEBUG] Cluster 295: 5 nodes [520, 524, 710, 1169, 1454]
[DEBUG][φ] cut=19, deg_S=33, deg_comp=13295.0

[DEBUG] Cluster 296: 4 nodes [521, 1081, 1082, 1259]
[DEBUG][φ] cut=14, deg_S=26, deg_comp=13302.0

[DEBUG] Cluster 297: 6 nodes [522, 525, 1419, 1427, 1550, 1624]
[DEBUG][φ] cut=14, deg_S=28, deg_comp=13300.0

[DEBUG] Cluster 298: 1 nodes [523]
[DEBUG][φ] cut=34, deg_S=34, deg_comp=13294.0

[DEBUG] Cluster 299: 4 nodes [527, 1822, 1968, 2662]
[DEBUG][φ] cut=12, deg_S=22, deg_comp=13306.0

[DEBUG] Cluster 300: 1 nodes [528]
[DEBUG][φ] cut=1, deg_S=1, deg_comp=13327.0

[DEBUG] Cluster 301: 1 nodes [529]
[DEBUG][φ] cut=3, deg_S=3, deg_comp=13325.0

[DEBUG] Cluster 302: 3 nodes [531, 2187, 2314]
[DEBUG][φ] cut=3, deg_S=7, deg_comp=13321.0

[DEBUG] Cluster 303: 2 nodes [537, 606]
[DEBUG][φ] cut=4, deg_S=6, deg_comp=13322.0

[DEBUG] Cluster 304: 1 nodes [538]
[DEBUG][φ] cut=21, deg_S=21, deg_comp=13307.0

[DEBUG] Cluster 305: 5 nodes [540, 543, 603, 670, 961]
[DEBUG][φ] cut=11, deg_S=19, deg_comp=13309.0

[DEBUG] Cluster 306: 3 nodes [542, 779, 1203]
[DEBUG][φ] cut=13, deg_S=19, deg_comp=13309.0

[DEBUG] Cluster 307: 3 nodes [555, 556, 2354]
[DEBUG][φ] cut=10, deg_S=16, deg_comp=13312.0

[DEBUG] Cluster 308: 4 nodes [558, 1137, 1934, 2463]
[DEBUG][φ] cut=24, deg_S=32, deg_comp=13296.0

[DEBUG] Cluster 309: 4 nodes [559, 1757, 1842, 2341]
[DEBUG][φ] cut=13, deg_S=21, deg_comp=13307.0

[DEBUG] Cluster 310: 3 nodes [564, 1741, 1841]
[DEBUG][φ] cut=8, deg_S=14, deg_comp=13314.0

[DEBUG] Cluster 311: 1 nodes [565]
[DEBUG][φ] cut=79, deg_S=79, deg_comp=13249.0

[DEBUG] Cluster 312: 3 nodes [568, 843, 1101]
[DEBUG][φ] cut=5, deg_S=9, deg_comp=13319.0

[DEBUG] Cluster 313: 7 nodes [574, 1705, 1962, 2246, 2356, 2475, 2509]
[DEBUG][φ] cut=19, deg_S=41, deg_comp=13287.0

[DEBUG] Cluster 314: 1 nodes [576]
[DEBUG][φ] cut=30, deg_S=30, deg_comp=13298.0

[DEBUG] Cluster 315: 5 nodes [577, 1097, 1900, 2492, 2547]
[DEBUG][φ] cut=13, deg_S=27, deg_comp=13301.0

[DEBUG] Cluster 316: 2 nodes [579, 696]
[DEBUG][φ] cut=7, deg_S=9, deg_comp=13319.0

[DEBUG] Cluster 317: 2 nodes [580, 1126]
[DEBUG][φ] cut=15, deg_S=17, deg_comp=13311.0

[DEBUG] Cluster 318: 3 nodes [582, 1792, 2067]
[DEBUG][φ] cut=5, deg_S=11, deg_comp=13317.0

[DEBUG] Cluster 319: 2 nodes [584, 639]
[DEBUG][φ] cut=9, deg_S=11, deg_comp=13317.0

[DEBUG] Cluster 320: 7 nodes [587, 999, 1361, 1399, 1405, 1406, 1463]
[DEBUG][φ] cut=15, deg_S=27, deg_comp=13301.0

[DEBUG] Cluster 321: 2 nodes [591, 1186]
[DEBUG][φ] cut=21, deg_S=23, deg_comp=13305.0

[DEBUG] Cluster 322: 3 nodes [592, 1144, 1509]
[DEBUG][φ] cut=3, deg_S=9, deg_comp=13319.0

[DEBUG] Cluster 323: 4 nodes [593, 594, 1122, 1194]
[DEBUG][φ] cut=12, deg_S=24, deg_comp=13304.0

[DEBUG] Cluster 324: 2 nodes [595, 1990]
[DEBUG][φ] cut=8, deg_S=10, deg_comp=13318.0

[DEBUG] Cluster 325: 2 nodes [602, 1371]
[DEBUG][φ] cut=5, deg_S=7, deg_comp=13321.0

[DEBUG] Cluster 326: 4 nodes [607, 1306, 1310, 1499]
[DEBUG][φ] cut=12, deg_S=22, deg_comp=13306.0

[DEBUG] Cluster 327: 2 nodes [614, 615]
[DEBUG][φ] cut=4, deg_S=6, deg_comp=13322.0

[DEBUG] Cluster 328: 1 nodes [617]
[DEBUG][φ] cut=1, deg_S=1, deg_comp=13327.0

[DEBUG] Cluster 329: 2 nodes [624, 879]
[DEBUG][φ] cut=11, deg_S=13, deg_comp=13315.0

[DEBUG] Cluster 330: 2 nodes [625, 659]
[DEBUG][φ] cut=8, deg_S=10, deg_comp=13318.0

[DEBUG] Cluster 331: 1 nodes [638]
[DEBUG][φ] cut=35, deg_S=35, deg_comp=13293.0

[DEBUG] Cluster 332: 1 nodes [640]
[DEBUG][φ] cut=17, deg_S=17, deg_comp=13311.0

[DEBUG] Cluster 333: 1 nodes [647]
[DEBUG][φ] cut=1, deg_S=1, deg_comp=13327.0

[DEBUG] Cluster 334: 4 nodes [648, 693, 1471, 1501]
[DEBUG][φ] cut=8, deg_S=18, deg_comp=13310.0

[DEBUG] Cluster 335: 2 nodes [653, 2480]
[DEBUG][φ] cut=6, deg_S=8, deg_comp=13320.0

[DEBUG] Cluster 336: 5 nodes [656, 657, 773, 1581, 1711]
[DEBUG][φ] cut=14, deg_S=24, deg_comp=13304.0

[DEBUG] Cluster 337: 4 nodes [658, 1577, 1580, 1625]
[DEBUG][φ] cut=7, deg_S=15, deg_comp=13313.0

[DEBUG] Cluster 338: 3 nodes [661, 677, 1191]
[DEBUG][φ] cut=11, deg_S=17, deg_comp=13311.0

[DEBUG] Cluster 339: 1 nodes [662]
[DEBUG][φ] cut=3, deg_S=3, deg_comp=13325.0

[DEBUG] Cluster 340: 3 nodes [664, 978, 1593]
[DEBUG][φ] cut=8, deg_S=14, deg_comp=13314.0

[DEBUG] Cluster 341: 2 nodes [666, 1704]
[DEBUG][φ] cut=9, deg_S=11, deg_comp=13317.0

[DEBUG] Cluster 342: 3 nodes [669, 2074, 2084]
[DEBUG][φ] cut=9, deg_S=13, deg_comp=13315.0

[DEBUG] Cluster 343: 8 nodes [671, 804, 929, 1559, 1599, 1664, 1697, 1703]
[DEBUG][φ] cut=22, deg_S=44, deg_comp=13284.0

[DEBUG] Cluster 344: 1 nodes [672]
[DEBUG][φ] cut=23, deg_S=23, deg_comp=13305.0

[DEBUG] Cluster 345: 1 nodes [673]
[DEBUG][φ] cut=1, deg_S=1, deg_comp=13327.0

[DEBUG] Cluster 346: 4 nodes [676, 1014, 1056, 1091]
[DEBUG][φ] cut=6, deg_S=18, deg_comp=13310.0

[DEBUG] Cluster 347: 1 nodes [678]
[DEBUG][φ] cut=1, deg_S=1, deg_comp=13327.0

[DEBUG] Cluster 348: 3 nodes [682, 1683, 1791]
[DEBUG][φ] cut=12, deg_S=18, deg_comp=13310.0

[DEBUG] Cluster 349: 2 nodes [684, 1425]
[DEBUG][φ] cut=9, deg_S=11, deg_comp=13317.0

[DEBUG] Cluster 350: 1 nodes [686]
[DEBUG][φ] cut=16, deg_S=16, deg_comp=13312.0

[DEBUG] Cluster 351: 3 nodes [687, 1157, 1700]
[DEBUG][φ] cut=13, deg_S=19, deg_comp=13309.0

[DEBUG] Cluster 352: 3 nodes [689, 1826, 2630]
[DEBUG][φ] cut=5, deg_S=9, deg_comp=13319.0

[DEBUG] Cluster 353: 9 nodes [691, 738, 868, 1213, 1557, 1585, 1649, 2628, 2629]
[DEBUG][φ] cut=31, deg_S=61, deg_comp=13267.0

[DEBUG] Cluster 354: 2 nodes [694, 1291]
[DEBUG][φ] cut=7, deg_S=9, deg_comp=13319.0

[DEBUG] Cluster 355: 1 nodes [702]
[DEBUG][φ] cut=1, deg_S=1, deg_comp=13327.0

[DEBUG] Cluster 356: 1 nodes [709]
[DEBUG][φ] cut=3, deg_S=3, deg_comp=13325.0

[DEBUG] Cluster 357: 3 nodes [712, 1036, 1662]
[DEBUG][φ] cut=8, deg_S=12, deg_comp=13316.0

[DEBUG] Cluster 358: 2 nodes [714, 1218]
[DEBUG][φ] cut=17, deg_S=19, deg_comp=13309.0

[DEBUG] Cluster 359: 2 nodes [715, 950]
[DEBUG][φ] cut=4, deg_S=6, deg_comp=13322.0

[DEBUG] Cluster 360: 3 nodes [719, 1133, 1666]
[DEBUG][φ] cut=8, deg_S=14, deg_comp=13314.0

[DEBUG] Cluster 361: 4 nodes [726, 989, 1068, 1418]
[DEBUG][φ] cut=8, deg_S=16, deg_comp=13312.0

[DEBUG] Cluster 362: 3 nodes [727, 1799, 2205]
[DEBUG][φ] cut=5, deg_S=9, deg_comp=13319.0

[DEBUG] Cluster 363: 4 nodes [728, 943, 1127, 1466]
[DEBUG][φ] cut=12, deg_S=20, deg_comp=13308.0

[DEBUG] Cluster 364: 5 nodes [731, 1450, 1656, 1710, 2357]
[DEBUG][φ] cut=11, deg_S=23, deg_comp=13305.0

[DEBUG] Cluster 365: 3 nodes [737, 1778, 2024]
[DEBUG][φ] cut=5, deg_S=9, deg_comp=13319.0

[DEBUG] Cluster 366: 2 nodes [740, 1667]
[DEBUG][φ] cut=13, deg_S=15, deg_comp=13313.0

[DEBUG] Cluster 367: 2 nodes [744, 2077]
[DEBUG][φ] cut=9, deg_S=11, deg_comp=13317.0

[DEBUG] Cluster 368: 1 nodes [745]
[DEBUG][φ] cut=33, deg_S=33, deg_comp=13295.0

[DEBUG] Cluster 369: 3 nodes [748, 1933, 2660]
[DEBUG][φ] cut=8, deg_S=14, deg_comp=13314.0

[DEBUG] Cluster 370: 4 nodes [755, 757, 2058, 2232]
[DEBUG][φ] cut=9, deg_S=21, deg_comp=13307.0

[DEBUG] Cluster 371: 1 nodes [756]
[DEBUG][φ] cut=2, deg_S=2, deg_comp=13326.0

[DEBUG] Cluster 372: 4 nodes [760, 2021, 2042, 2428]
[DEBUG][φ] cut=11, deg_S=17, deg_comp=13311.0

[DEBUG] Cluster 373: 4 nodes [764, 769, 2174, 2687]
[DEBUG][φ] cut=9, deg_S=19, deg_comp=13309.0

[DEBUG] Cluster 374: 3 nodes [766, 2417, 2532]
[DEBUG][φ] cut=8, deg_S=12, deg_comp=13316.0

[DEBUG] Cluster 375: 2 nodes [768, 897]
[DEBUG][φ] cut=3, deg_S=5, deg_comp=13323.0

[DEBUG] Cluster 376: 4 nodes [780, 1139, 1572, 1598]
[DEBUG][φ] cut=4, deg_S=14, deg_comp=13314.0

[DEBUG] Cluster 377: 3 nodes [781, 2101, 2152]
[DEBUG][φ] cut=8, deg_S=12, deg_comp=13316.0

[DEBUG] Cluster 378: 8 nodes [783, 785, 862, 1155, 1407, 1513, 1812, 2364]
[DEBUG][φ] cut=13, deg_S=55, deg_comp=13273.0

[DEBUG] Cluster 379: 5 nodes [784, 845, 850, 855, 917]
[DEBUG][φ] cut=5, deg_S=19, deg_comp=13309.0

[DEBUG] Cluster 380: 2 nodes [786, 1004]
[DEBUG][φ] cut=15, deg_S=17, deg_comp=13311.0

[DEBUG] Cluster 381: 2 nodes [787, 1437]
[DEBUG][φ] cut=9, deg_S=11, deg_comp=13317.0

[DEBUG] Cluster 382: 2 nodes [788, 1414]
[DEBUG][φ] cut=13, deg_S=15, deg_comp=13313.0

[DEBUG] Cluster 383: 3 nodes [789, 1206, 1544]
[DEBUG][φ] cut=5, deg_S=9, deg_comp=13319.0

[DEBUG] Cluster 384: 2 nodes [790, 1510]
[DEBUG][φ] cut=7, deg_S=9, deg_comp=13319.0

[DEBUG] Cluster 385: 3 nodes [791, 1661, 2350]
[DEBUG][φ] cut=18, deg_S=24, deg_comp=13304.0

[DEBUG] Cluster 386: 1 nodes [793]
[DEBUG][φ] cut=24, deg_S=24, deg_comp=13304.0

[DEBUG] Cluster 387: 3 nodes [794, 795, 932]
[DEBUG][φ] cut=8, deg_S=14, deg_comp=13314.0

[DEBUG] Cluster 388: 1 nodes [796]
[DEBUG][φ] cut=1, deg_S=1, deg_comp=13327.0

[DEBUG] Cluster 389: 2 nodes [797, 1645]
[DEBUG][φ] cut=5, deg_S=7, deg_comp=13321.0

[DEBUG] Cluster 390: 5 nodes [798, 1026, 1095, 1105, 1433]
[DEBUG][φ] cut=13, deg_S=29, deg_comp=13299.0

[DEBUG] Cluster 391: 5 nodes [799, 1699, 1843, 2626, 2656]
[DEBUG][φ] cut=4, deg_S=18, deg_comp=13310.0

[DEBUG] Cluster 392: 4 nodes [801, 1475, 1542, 1642]
[DEBUG][φ] cut=6, deg_S=16, deg_comp=13312.0

[DEBUG] Cluster 393: 1 nodes [802]
[DEBUG][φ] cut=3, deg_S=3, deg_comp=13325.0

[DEBUG] Cluster 394: 2 nodes [803, 1439]
[DEBUG][φ] cut=4, deg_S=6, deg_comp=13322.0

[DEBUG] Cluster 395: 3 nodes [805, 930, 1062]
[DEBUG][φ] cut=8, deg_S=14, deg_comp=13314.0

[DEBUG] Cluster 396: 2 nodes [806, 1138]
[DEBUG][φ] cut=7, deg_S=9, deg_comp=13319.0

[DEBUG] Cluster 397: 2 nodes [807, 1438]
[DEBUG][φ] cut=4, deg_S=6, deg_comp=13322.0

[DEBUG] Cluster 398: 3 nodes [808, 863, 1320]
[DEBUG][φ] cut=8, deg_S=14, deg_comp=13314.0

[DEBUG] Cluster 399: 4 nodes [809, 1229, 1615, 1639]
[DEBUG][φ] cut=13, deg_S=25, deg_comp=13303.0

[DEBUG] Cluster 400: 2 nodes [810, 1287]
[DEBUG][φ] cut=11, deg_S=13, deg_comp=13315.0

[DEBUG] Cluster 401: 2 nodes [811, 1311]
[DEBUG][φ] cut=8, deg_S=10, deg_comp=13318.0

[DEBUG] Cluster 402: 4 nodes [812, 1044, 1341, 1365]
[DEBUG][φ] cut=8, deg_S=18, deg_comp=13310.0

[DEBUG] Cluster 403: 2 nodes [814, 1080]
[DEBUG][φ] cut=11, deg_S=13, deg_comp=13315.0

[DEBUG] Cluster 404: 3 nodes [815, 880, 1523]
[DEBUG][φ] cut=7, deg_S=13, deg_comp=13315.0

[DEBUG] Cluster 405: 5 nodes [816, 1300, 1342, 2129, 2454]
[DEBUG][φ] cut=9, deg_S=25, deg_comp=13303.0

[DEBUG] Cluster 406: 4 nodes [817, 818, 1212, 2372]
[DEBUG][φ] cut=20, deg_S=28, deg_comp=13300.0

[DEBUG] Cluster 407: 5 nodes [819, 824, 825, 1154, 1215]
[DEBUG][φ] cut=12, deg_S=26, deg_comp=13302.0

[DEBUG] Cluster 408: 5 nodes [820, 829, 962, 1115, 1146]
[DEBUG][φ] cut=5, deg_S=19, deg_comp=13309.0

[DEBUG] Cluster 409: 3 nodes [821, 1055, 1059]
[DEBUG][φ] cut=6, deg_S=12, deg_comp=13316.0

[DEBUG] Cluster 410: 4 nodes [826, 1237, 1273, 1422]
[DEBUG][φ] cut=16, deg_S=26, deg_comp=13302.0

[DEBUG] Cluster 411: 5 nodes [827, 909, 913, 1894, 2144]
[DEBUG][φ] cut=10, deg_S=22, deg_comp=13306.0

[DEBUG] Cluster 412: 5 nodes [828, 1307, 1457, 1462, 1657]
[DEBUG][φ] cut=10, deg_S=22, deg_comp=13306.0

[DEBUG] Cluster 413: 2 nodes [830, 1634]
[DEBUG][φ] cut=3, deg_S=5, deg_comp=13323.0

[DEBUG] Cluster 414: 4 nodes [831, 1830, 2240, 2466]
[DEBUG][φ] cut=4, deg_S=10, deg_comp=13318.0

[DEBUG] Cluster 415: 6 nodes [832, 1051, 1052, 1066, 1701, 2576]
[DEBUG][φ] cut=6, deg_S=26, deg_comp=13302.0

[DEBUG] Cluster 416: 2 nodes [833, 1516]
[DEBUG][φ] cut=7, deg_S=9, deg_comp=13319.0

[DEBUG] Cluster 417: 3 nodes [834, 1801, 1821]
[DEBUG][φ] cut=8, deg_S=12, deg_comp=13316.0

[DEBUG] Cluster 418: 3 nodes [835, 1248, 2157]
[DEBUG][φ] cut=8, deg_S=14, deg_comp=13314.0

[DEBUG] Cluster 419: 6 nodes [837, 1489, 1686, 1919, 2426, 2431]
[DEBUG][φ] cut=15, deg_S=35, deg_comp=13293.0

[DEBUG] Cluster 420: 1 nodes [838]
[DEBUG][φ] cut=1, deg_S=1, deg_comp=13327.0

[DEBUG] Cluster 421: 4 nodes [840, 916, 1038, 1196]
[DEBUG][φ] cut=6, deg_S=16, deg_comp=13312.0

[DEBUG] Cluster 422: 4 nodes [844, 934, 940, 1362]
[DEBUG][φ] cut=19, deg_S=29, deg_comp=13299.0

[DEBUG] Cluster 423: 3 nodes [846, 2173, 2204]
[DEBUG][φ] cut=8, deg_S=14, deg_comp=13314.0

[DEBUG] Cluster 424: 4 nodes [847, 1402, 1468, 1739]
[DEBUG][φ] cut=10, deg_S=16, deg_comp=13312.0

[DEBUG] Cluster 425: 2 nodes [848, 1032]
[DEBUG][φ] cut=13, deg_S=15, deg_comp=13313.0

[DEBUG] Cluster 426: 1 nodes [849]
[DEBUG][φ] cut=1, deg_S=1, deg_comp=13327.0

[DEBUG] Cluster 427: 6 nodes [851, 903, 1390, 1491, 1564, 1605]
[DEBUG][φ] cut=7, deg_S=17, deg_comp=13311.0

[DEBUG] Cluster 428: 5 nodes [852, 996, 1015, 1338, 1654]
[DEBUG][φ] cut=5, deg_S=19, deg_comp=13309.0

[DEBUG] Cluster 429: 5 nodes [853, 1493, 1732, 2423, 2627]
[DEBUG][φ] cut=18, deg_S=32, deg_comp=13296.0

[DEBUG] Cluster 430: 6 nodes [854, 956, 1232, 1971, 2211, 2598]
[DEBUG][φ] cut=14, deg_S=30, deg_comp=13298.0

[DEBUG] Cluster 431: 4 nodes [856, 1070, 1205, 1694]
[DEBUG][φ] cut=18, deg_S=26, deg_comp=13302.0

[DEBUG] Cluster 432: 3 nodes [857, 1483, 2060]
[DEBUG][φ] cut=7, deg_S=13, deg_comp=13315.0

[DEBUG] Cluster 433: 4 nodes [858, 991, 1084, 2035]
[DEBUG][φ] cut=8, deg_S=18, deg_comp=13310.0

[DEBUG] Cluster 434: 6 nodes [864, 1079, 1492, 1508, 1538, 1724]
[DEBUG][φ] cut=10, deg_S=20, deg_comp=13308.0

[DEBUG] Cluster 435: 2 nodes [869, 1374]
[DEBUG][φ] cut=2, deg_S=4, deg_comp=13324.0

[DEBUG] Cluster 436: 4 nodes [870, 1189, 1643, 1687]
[DEBUG][φ] cut=20, deg_S=26, deg_comp=13302.0

[DEBUG] Cluster 437: 2 nodes [871, 1591]
[DEBUG][φ] cut=7, deg_S=9, deg_comp=13319.0

[DEBUG] Cluster 438: 3 nodes [872, 873, 920]
[DEBUG][φ] cut=6, deg_S=10, deg_comp=13318.0

[DEBUG] Cluster 439: 4 nodes [876, 1025, 1449, 1712]
[DEBUG][φ] cut=13, deg_S=23, deg_comp=13305.0

[DEBUG] Cluster 440: 4 nodes [877, 1010, 1578, 1651]
[DEBUG][φ] cut=11, deg_S=23, deg_comp=13305.0

[DEBUG] Cluster 441: 3 nodes [878, 1023, 1472]
[DEBUG][φ] cut=1, deg_S=5, deg_comp=13323.0

[DEBUG] Cluster 442: 1 nodes [881]
[DEBUG][φ] cut=16, deg_S=16, deg_comp=13312.0

[DEBUG] Cluster 443: 4 nodes [883, 1209, 1210, 1665]
[DEBUG][φ] cut=6, deg_S=18, deg_comp=13310.0

[DEBUG] Cluster 444: 2 nodes [884, 1658]
[DEBUG][φ] cut=1, deg_S=3, deg_comp=13325.0

[DEBUG] Cluster 445: 6 nodes [885, 944, 1024, 1335, 1336, 1478]
[DEBUG][φ] cut=18, deg_S=38, deg_comp=13290.0

[DEBUG] Cluster 446: 1 nodes [886]
[DEBUG][φ] cut=1, deg_S=1, deg_comp=13327.0

[DEBUG] Cluster 447: 5 nodes [887, 928, 983, 1302, 1531]
[DEBUG][φ] cut=8, deg_S=22, deg_comp=13306.0

[DEBUG] Cluster 448: 3 nodes [888, 896, 1731]
[DEBUG][φ] cut=3, deg_S=9, deg_comp=13319.0

[DEBUG] Cluster 449: 4 nodes [891, 905, 976, 1397]
[DEBUG][φ] cut=17, deg_S=23, deg_comp=13305.0

[DEBUG] Cluster 450: 1 nodes [895]
[DEBUG][φ] cut=1, deg_S=1, deg_comp=13327.0

[DEBUG] Cluster 451: 3 nodes [900, 1207, 1351]
[DEBUG][φ] cut=8, deg_S=14, deg_comp=13314.0

[DEBUG] Cluster 452: 4 nodes [906, 927, 1019, 1256]
[DEBUG][φ] cut=12, deg_S=20, deg_comp=13308.0

[DEBUG] Cluster 453: 4 nodes [907, 918, 1252, 1477]
[DEBUG][φ] cut=6, deg_S=12, deg_comp=13316.0

[DEBUG] Cluster 454: 3 nodes [908, 2297, 2304]
[DEBUG][φ] cut=7, deg_S=11, deg_comp=13317.0

[DEBUG] Cluster 455: 1 nodes [910]
[DEBUG][φ] cut=23, deg_S=23, deg_comp=13305.0

[DEBUG] Cluster 456: 4 nodes [911, 992, 1304, 1695]
[DEBUG][φ] cut=6, deg_S=14, deg_comp=13314.0

[DEBUG] Cluster 457: 3 nodes [912, 1149, 1323]
[DEBUG][φ] cut=13, deg_S=17, deg_comp=13311.0

[DEBUG] Cluster 458: 1 nodes [914]
[DEBUG][φ] cut=3, deg_S=3, deg_comp=13325.0

[DEBUG] Cluster 459: 2 nodes [915, 1294]
[DEBUG][φ] cut=1, deg_S=3, deg_comp=13325.0

[DEBUG] Cluster 460: 2 nodes [919, 1129]
[DEBUG][φ] cut=10, deg_S=12, deg_comp=13316.0

[DEBUG] Cluster 461: 3 nodes [921, 1265, 1725]
[DEBUG][φ] cut=1, deg_S=7, deg_comp=13321.0

[DEBUG] Cluster 462: 2 nodes [924, 1539]
[DEBUG][φ] cut=9, deg_S=11, deg_comp=13317.0

[DEBUG] Cluster 463: 4 nodes [926, 1112, 1403, 1618]
[DEBUG][φ] cut=8, deg_S=14, deg_comp=13314.0

[DEBUG] Cluster 464: 3 nodes [931, 1000, 1053]
[DEBUG][φ] cut=13, deg_S=17, deg_comp=13311.0

[DEBUG] Cluster 465: 6 nodes [935, 1136, 1286, 1575, 1594, 1740]
[DEBUG][φ] cut=18, deg_S=28, deg_comp=13300.0

[DEBUG] Cluster 466: 3 nodes [936, 988, 1515]
[DEBUG][φ] cut=5, deg_S=11, deg_comp=13317.0

[DEBUG] Cluster 467: 5 nodes [937, 977, 1187, 1226, 1234]
[DEBUG][φ] cut=8, deg_S=18, deg_comp=13310.0

[DEBUG] Cluster 468: 3 nodes [938, 2196, 2267]
[DEBUG][φ] cut=5, deg_S=9, deg_comp=13319.0

[DEBUG] Cluster 469: 1 nodes [939]
[DEBUG][φ] cut=1, deg_S=1, deg_comp=13327.0

[DEBUG] Cluster 470: 4 nodes [941, 1441, 1638, 1717]
[DEBUG][φ] cut=2, deg_S=12, deg_comp=13316.0

[DEBUG] Cluster 471: 3 nodes [942, 1065, 1279]
[DEBUG][φ] cut=12, deg_S=18, deg_comp=13310.0

[DEBUG] Cluster 472: 3 nodes [945, 1899, 2292]
[DEBUG][φ] cut=9, deg_S=13, deg_comp=13315.0

[DEBUG] Cluster 473: 2 nodes [946, 1179]
[DEBUG][φ] cut=3, deg_S=5, deg_comp=13323.0

[DEBUG] Cluster 474: 2 nodes [947, 1002]
[DEBUG][φ] cut=7, deg_S=9, deg_comp=13319.0

[DEBUG] Cluster 475: 2 nodes [948, 1446]
[DEBUG][φ] cut=7, deg_S=9, deg_comp=13319.0

[DEBUG] Cluster 476: 2 nodes [951, 1401]
[DEBUG][φ] cut=6, deg_S=8, deg_comp=13320.0

[DEBUG] Cluster 477: 3 nodes [952, 1083, 1660]
[DEBUG][φ] cut=1, deg_S=5, deg_comp=13323.0

[DEBUG] Cluster 478: 1 nodes [953]
[DEBUG][φ] cut=1, deg_S=1, deg_comp=13327.0

[DEBUG] Cluster 479: 3 nodes [957, 1400, 1561]
[DEBUG][φ] cut=4, deg_S=10, deg_comp=13318.0

[DEBUG] Cluster 480: 3 nodes [958, 1409, 2600]
[DEBUG][φ] cut=10, deg_S=16, deg_comp=13312.0

[DEBUG] Cluster 481: 3 nodes [959, 1130, 1334]
[DEBUG][φ] cut=5, deg_S=9, deg_comp=13319.0

[DEBUG] Cluster 482: 5 nodes [960, 1049, 1071, 1085, 1292]
[DEBUG][φ] cut=7, deg_S=15, deg_comp=13313.0

[DEBUG] Cluster 483: 6 nodes [963, 1177, 1180, 1519, 1620, 1627]
[DEBUG][φ] cut=4, deg_S=18, deg_comp=13310.0

[DEBUG] Cluster 484: 7 nodes [964, 966, 1432, 1481, 1573, 1590, 1673]
[DEBUG][φ] cut=26, deg_S=50, deg_comp=13278.0

[DEBUG] Cluster 485: 2 nodes [965, 1589]
[DEBUG][φ] cut=14, deg_S=16, deg_comp=13312.0

[DEBUG] Cluster 486: 2 nodes [967, 1394]
[DEBUG][φ] cut=12, deg_S=14, deg_comp=13314.0

[DEBUG] Cluster 487: 4 nodes [968, 1285, 1298, 1382]
[DEBUG][φ] cut=8, deg_S=14, deg_comp=13314.0

[DEBUG] Cluster 488: 3 nodes [970, 974, 1396]
[DEBUG][φ] cut=5, deg_S=9, deg_comp=13319.0

[DEBUG] Cluster 489: 1 nodes [972]
[DEBUG][φ] cut=1, deg_S=1, deg_comp=13327.0

[DEBUG] Cluster 490: 1 nodes [973]
[DEBUG][φ] cut=2, deg_S=2, deg_comp=13326.0

[DEBUG] Cluster 491: 4 nodes [975, 1009, 2175, 2250]
[DEBUG][φ] cut=25, deg_S=31, deg_comp=13297.0

[DEBUG] Cluster 492: 2 nodes [980, 1488]
[DEBUG][φ] cut=5, deg_S=7, deg_comp=13321.0

[DEBUG] Cluster 493: 2 nodes [981, 1140]
[DEBUG][φ] cut=12, deg_S=14, deg_comp=13314.0

[DEBUG] Cluster 494: 1 nodes [984]
[DEBUG][φ] cut=1, deg_S=1, deg_comp=13327.0

[DEBUG] Cluster 495: 1 nodes [993]
[DEBUG][φ] cut=3, deg_S=3, deg_comp=13325.0

[DEBUG] Cluster 496: 11 nodes [994, 1001, 1039, 1040, 1089, 1123, 1188, 1317, 1354, 1426, 1465]
[DEBUG][φ] cut=20, deg_S=42, deg_comp=13286.0

[DEBUG] Cluster 497: 4 nodes [995, 1230, 1231, 1495]
[DEBUG][φ] cut=19, deg_S=29, deg_comp=13299.0

[DEBUG] Cluster 498: 2 nodes [997, 1271]
[DEBUG][φ] cut=1, deg_S=3, deg_comp=13325.0

[DEBUG] Cluster 499: 3 nodes [998, 1240, 1241]
[DEBUG][φ] cut=25, deg_S=31, deg_comp=13297.0

[DEBUG] Cluster 500: 1 nodes [1003]
[DEBUG][φ] cut=17, deg_S=17, deg_comp=13311.0

[DEBUG] Cluster 501: 4 nodes [1005, 1313, 1623, 1655]
[DEBUG][φ] cut=1, deg_S=11, deg_comp=13317.0

[DEBUG] Cluster 502: 3 nodes [1007, 2217, 2282]
[DEBUG][φ] cut=8, deg_S=14, deg_comp=13314.0

[DEBUG] Cluster 503: 4 nodes [1008, 1486, 1587, 1609]
[DEBUG][φ] cut=6, deg_S=12, deg_comp=13316.0

[DEBUG] Cluster 504: 2 nodes [1011, 1679]
[DEBUG][φ] cut=11, deg_S=13, deg_comp=13315.0

[DEBUG] Cluster 505: 1 nodes [1013]
[DEBUG][φ] cut=1, deg_S=1, deg_comp=13327.0

[DEBUG] Cluster 506: 4 nodes [1016, 1110, 1650, 1729]
[DEBUG][φ] cut=15, deg_S=27, deg_comp=13301.0

[DEBUG] Cluster 507: 2 nodes [1017, 1574]
[DEBUG][φ] cut=3, deg_S=5, deg_comp=13323.0

[DEBUG] Cluster 508: 5 nodes [1018, 1060, 1142, 1890, 2039]
[DEBUG][φ] cut=11, deg_S=23, deg_comp=13305.0

[DEBUG] Cluster 509: 4 nodes [1020, 1235, 2508, 2577]
[DEBUG][φ] cut=12, deg_S=20, deg_comp=13308.0

[DEBUG] Cluster 510: 5 nodes [1021, 1100, 1254, 1464, 1470]
[DEBUG][φ] cut=5, deg_S=17, deg_comp=13311.0

[DEBUG] Cluster 511: 3 nodes [1022, 1282, 1494]
[DEBUG][φ] cut=5, deg_S=9, deg_comp=13319.0

[DEBUG] Cluster 512: 2 nodes [1027, 1322]
[DEBUG][φ] cut=12, deg_S=14, deg_comp=13314.0

[DEBUG] Cluster 513: 3 nodes [1028, 1037, 1610]
[DEBUG][φ] cut=6, deg_S=12, deg_comp=13316.0

[DEBUG] Cluster 514: 4 nodes [1029, 1090, 1742, 2456]
[DEBUG][φ] cut=3, deg_S=11, deg_comp=13317.0

[DEBUG] Cluster 515: 3 nodes [1030, 1946, 2516]
[DEBUG][φ] cut=3, deg_S=9, deg_comp=13319.0

[DEBUG] Cluster 516: 3 nodes [1034, 1533, 1730]
[DEBUG][φ] cut=7, deg_S=11, deg_comp=13317.0

[DEBUG] Cluster 517: 5 nodes [1035, 1424, 1530, 1670, 2089]
[DEBUG][φ] cut=17, deg_S=25, deg_comp=13303.0

[DEBUG] Cluster 518: 2 nodes [1041, 1321]
[DEBUG][φ] cut=9, deg_S=11, deg_comp=13317.0

[DEBUG] Cluster 519: 4 nodes [1046, 1121, 1344, 1345]
[DEBUG][φ] cut=14, deg_S=24, deg_comp=13304.0

[DEBUG] Cluster 520: 1 nodes [1047]
[DEBUG][φ] cut=18, deg_S=18, deg_comp=13310.0

[DEBUG] Cluster 521: 1 nodes [1048]
[DEBUG][φ] cut=1, deg_S=1, deg_comp=13327.0

[DEBUG] Cluster 522: 2 nodes [1050, 1171]
[DEBUG][φ] cut=5, deg_S=7, deg_comp=13321.0

[DEBUG] Cluster 523: 3 nodes [1058, 1211, 1247]
[DEBUG][φ] cut=2, deg_S=6, deg_comp=13322.0

[DEBUG] Cluster 524: 5 nodes [1063, 1175, 1325, 1628, 2170]
[DEBUG][φ] cut=6, deg_S=22, deg_comp=13306.0

[DEBUG] Cluster 525: 2 nodes [1067, 1814]
[DEBUG][φ] cut=12, deg_S=14, deg_comp=13314.0

[DEBUG] Cluster 526: 3 nodes [1073, 1182, 1726]
[DEBUG][φ] cut=14, deg_S=18, deg_comp=13310.0

[DEBUG] Cluster 527: 2 nodes [1075, 1340]
[DEBUG][φ] cut=3, deg_S=5, deg_comp=13323.0

[DEBUG] Cluster 528: 5 nodes [1076, 1078, 1086, 1641, 2461]
[DEBUG][φ] cut=7, deg_S=23, deg_comp=13305.0

[DEBUG] Cluster 529: 4 nodes [1077, 1153, 1410, 1675]
[DEBUG][φ] cut=17, deg_S=23, deg_comp=13305.0

[DEBUG] Cluster 530: 3 nodes [1087, 1512, 1671]
[DEBUG][φ] cut=9, deg_S=13, deg_comp=13315.0

[DEBUG] Cluster 531: 2 nodes [1088, 1565]
[DEBUG][φ] cut=1, deg_S=3, deg_comp=13325.0

[DEBUG] Cluster 532: 2 nodes [1096, 1691]
[DEBUG][φ] cut=5, deg_S=7, deg_comp=13321.0

[DEBUG] Cluster 533: 4 nodes [1098, 1106, 1305, 1911]
[DEBUG][φ] cut=23, deg_S=29, deg_comp=13299.0

[DEBUG] Cluster 534: 2 nodes [1099, 1178]
[DEBUG][φ] cut=17, deg_S=19, deg_comp=13309.0

[DEBUG] Cluster 535: 5 nodes [1102, 1413, 1776, 2231, 2635]
[DEBUG][φ] cut=15, deg_S=23, deg_comp=13305.0

[DEBUG] Cluster 536: 2 nodes [1103, 1579]
[DEBUG][φ] cut=4, deg_S=6, deg_comp=13322.0

[DEBUG] Cluster 537: 2 nodes [1104, 1262]
[DEBUG][φ] cut=1, deg_S=3, deg_comp=13325.0

[DEBUG] Cluster 538: 5 nodes [1108, 1308, 1503, 1504, 1507]
[DEBUG][φ] cut=11, deg_S=29, deg_comp=13299.0

[DEBUG] Cluster 539: 4 nodes [1109, 1111, 1584, 2037]
[DEBUG][φ] cut=27, deg_S=37, deg_comp=13291.0

[DEBUG] Cluster 540: 2 nodes [1113, 1380]
[DEBUG][φ] cut=6, deg_S=8, deg_comp=13320.0

[DEBUG] Cluster 541: 6 nodes [1114, 1117, 1261, 1588, 1603, 2332]
[DEBUG][φ] cut=15, deg_S=41, deg_comp=13287.0

[DEBUG] Cluster 542: 2 nodes [1119, 1411]
[DEBUG][φ] cut=7, deg_S=9, deg_comp=13319.0

[DEBUG] Cluster 543: 2 nodes [1120, 1677]
[DEBUG][φ] cut=1, deg_S=3, deg_comp=13325.0

[DEBUG] Cluster 544: 4 nodes [1124, 1358, 1566, 1567]
[DEBUG][φ] cut=8, deg_S=16, deg_comp=13312.0

[DEBUG] Cluster 545: 2 nodes [1131, 1253]
[DEBUG][φ] cut=9, deg_S=11, deg_comp=13317.0

[DEBUG] Cluster 546: 2 nodes [1132, 1309]
[DEBUG][φ] cut=2, deg_S=4, deg_comp=13324.0

[DEBUG] Cluster 547: 2 nodes [1143, 1404]
[DEBUG][φ] cut=8, deg_S=10, deg_comp=13318.0

[DEBUG] Cluster 548: 5 nodes [1147, 1347, 2138, 2285, 2311]
[DEBUG][φ] cut=11, deg_S=25, deg_comp=13303.0

[DEBUG] Cluster 549: 3 nodes [1150, 1195, 1630]
[DEBUG][φ] cut=6, deg_S=12, deg_comp=13316.0

[DEBUG] Cluster 550: 1 nodes [1151]
[DEBUG][φ] cut=1, deg_S=1, deg_comp=13327.0

[DEBUG] Cluster 551: 2 nodes [1152, 1453]
[DEBUG][φ] cut=2, deg_S=4, deg_comp=13324.0

[DEBUG] Cluster 552: 1 nodes [1156]
[DEBUG][φ] cut=1, deg_S=1, deg_comp=13327.0

[DEBUG] Cluster 553: 2 nodes [1158, 1555]
[DEBUG][φ] cut=3, deg_S=5, deg_comp=13323.0

[DEBUG] Cluster 554: 5 nodes [1159, 1485, 1558, 1785, 2564]
[DEBUG][φ] cut=5, deg_S=15, deg_comp=13313.0

[DEBUG] Cluster 555: 1 nodes [1160]
[DEBUG][φ] cut=1, deg_S=1, deg_comp=13327.0

[DEBUG] Cluster 556: 3 nodes [1161, 1560, 2657]
[DEBUG][φ] cut=13, deg_S=17, deg_comp=13311.0

[DEBUG] Cluster 557: 2 nodes [1162, 1619]
[DEBUG][φ] cut=7, deg_S=9, deg_comp=13319.0

[DEBUG] Cluster 558: 4 nodes [1164, 1570, 1626, 1735]
[DEBUG][φ] cut=15, deg_S=25, deg_comp=13303.0

[DEBUG] Cluster 559: 2 nodes [1165, 1327]
[DEBUG][φ] cut=3, deg_S=5, deg_comp=13323.0

[DEBUG] Cluster 560: 1 nodes [1166]
[DEBUG][φ] cut=1, deg_S=1, deg_comp=13327.0

[DEBUG] Cluster 561: 4 nodes [1167, 1330, 1331, 1332]
[DEBUG][φ] cut=3, deg_S=9, deg_comp=13319.0

[DEBUG] Cluster 562: 1 nodes [1168]
[DEBUG][φ] cut=2, deg_S=2, deg_comp=13326.0

[DEBUG] Cluster 563: 5 nodes [1172, 1268, 1898, 2108, 2140]
[DEBUG][φ] cut=20, deg_S=32, deg_comp=13296.0

[DEBUG] Cluster 564: 2 nodes [1173, 1423]
[DEBUG][φ] cut=7, deg_S=9, deg_comp=13319.0

[DEBUG] Cluster 565: 3 nodes [1181, 1412, 1431]
[DEBUG][φ] cut=11, deg_S=17, deg_comp=13311.0

[DEBUG] Cluster 566: 3 nodes [1183, 1193, 1202]
[DEBUG][φ] cut=7, deg_S=11, deg_comp=13317.0

[DEBUG] Cluster 567: 2 nodes [1190, 1222]
[DEBUG][φ] cut=10, deg_S=12, deg_comp=13316.0

[DEBUG] Cluster 568: 3 nodes [1197, 1876, 2634]
[DEBUG][φ] cut=3, deg_S=7, deg_comp=13321.0

[DEBUG] Cluster 569: 2 nodes [1199, 1702]
[DEBUG][φ] cut=2, deg_S=4, deg_comp=13324.0

[DEBUG] Cluster 570: 3 nodes [1204, 2624, 2702]
[DEBUG][φ] cut=11, deg_S=17, deg_comp=13311.0

[DEBUG] Cluster 571: 3 nodes [1208, 1429, 1434]
[DEBUG][φ] cut=5, deg_S=9, deg_comp=13319.0

[DEBUG] Cluster 572: 3 nodes [1214, 1635, 1706]
[DEBUG][φ] cut=4, deg_S=8, deg_comp=13320.0

[DEBUG] Cluster 573: 4 nodes [1216, 1299, 1392, 1571]
[DEBUG][φ] cut=8, deg_S=14, deg_comp=13314.0

[DEBUG] Cluster 574: 1 nodes [1217]
[DEBUG][φ] cut=1, deg_S=1, deg_comp=13327.0

[DEBUG] Cluster 575: 1 nodes [1219]
[DEBUG][φ] cut=7, deg_S=7, deg_comp=13321.0

[DEBUG] Cluster 576: 4 nodes [1221, 1797, 2200, 2703]
[DEBUG][φ] cut=5, deg_S=15, deg_comp=13313.0

[DEBUG] Cluster 577: 2 nodes [1223, 1607]
[DEBUG][φ] cut=8, deg_S=10, deg_comp=13318.0

[DEBUG] Cluster 578: 2 nodes [1225, 1369]
[DEBUG][φ] cut=4, deg_S=6, deg_comp=13322.0

[DEBUG] Cluster 579: 2 nodes [1228, 1688]
[DEBUG][φ] cut=6, deg_S=8, deg_comp=13320.0

[DEBUG] Cluster 580: 3 nodes [1238, 1500, 2180]
[DEBUG][φ] cut=10, deg_S=14, deg_comp=13314.0

[DEBUG] Cluster 581: 1 nodes [1239]
[DEBUG][φ] cut=1, deg_S=1, deg_comp=13327.0

[DEBUG] Cluster 582: 1 nodes [1242]
[DEBUG][φ] cut=1, deg_S=1, deg_comp=13327.0

[DEBUG] Cluster 583: 4 nodes [1243, 1245, 1381, 1524]
[DEBUG][φ] cut=18, deg_S=26, deg_comp=13302.0

[DEBUG] Cluster 584: 2 nodes [1246, 1922]
[DEBUG][φ] cut=5, deg_S=7, deg_comp=13321.0

[DEBUG] Cluster 585: 2 nodes [1249, 1474]
[DEBUG][φ] cut=11, deg_S=13, deg_comp=13315.0

[DEBUG] Cluster 586: 2 nodes [1257, 1719]
[DEBUG][φ] cut=15, deg_S=17, deg_comp=13311.0

[DEBUG] Cluster 587: 3 nodes [1263, 2441, 2585]
[DEBUG][φ] cut=5, deg_S=11, deg_comp=13317.0

[DEBUG] Cluster 588: 4 nodes [1269, 1312, 1622, 2618]
[DEBUG][φ] cut=16, deg_S=26, deg_comp=13302.0

[DEBUG] Cluster 589: 4 nodes [1272, 1281, 1346, 1451]
[DEBUG][φ] cut=14, deg_S=26, deg_comp=13302.0

[DEBUG] Cluster 590: 4 nodes [1276, 1415, 1506, 1525]
[DEBUG][φ] cut=11, deg_S=21, deg_comp=13307.0

[DEBUG] Cluster 591: 3 nodes [1289, 1375, 1452]
[DEBUG][φ] cut=7, deg_S=11, deg_comp=13317.0

[DEBUG] Cluster 592: 1 nodes [1290]
[DEBUG][φ] cut=19, deg_S=19, deg_comp=13309.0

[DEBUG] Cluster 593: 4 nodes [1293, 2278, 2283, 2284]
[DEBUG][φ] cut=7, deg_S=13, deg_comp=13315.0

[DEBUG] Cluster 594: 1 nodes [1295]
[DEBUG][φ] cut=1, deg_S=1, deg_comp=13327.0

[DEBUG] Cluster 595: 4 nodes [1301, 1595, 1824, 2675]
[DEBUG][φ] cut=21, deg_S=29, deg_comp=13299.0

[DEBUG] Cluster 596: 6 nodes [1303, 2202, 2254, 2265, 2347, 2638]
[DEBUG][φ] cut=9, deg_S=27, deg_comp=13301.0

[DEBUG] Cluster 597: 3 nodes [1315, 2452, 2595]
[DEBUG][φ] cut=9, deg_S=15, deg_comp=13313.0

[DEBUG] Cluster 598: 3 nodes [1316, 1782, 2328]
[DEBUG][φ] cut=10, deg_S=16, deg_comp=13312.0

[DEBUG] Cluster 599: 1 nodes [1319]
[DEBUG][φ] cut=1, deg_S=1, deg_comp=13327.0

[DEBUG] Cluster 600: 4 nodes [1324, 1747, 2160, 2434]
[DEBUG][φ] cut=12, deg_S=20, deg_comp=13308.0

[DEBUG] Cluster 601: 1 nodes [1328]
[DEBUG][φ] cut=19, deg_S=19, deg_comp=13309.0

[DEBUG] Cluster 602: 3 nodes [1329, 2127, 2338]
[DEBUG][φ] cut=10, deg_S=16, deg_comp=13312.0

[DEBUG] Cluster 603: 3 nodes [1333, 1467, 1708]
[DEBUG][φ] cut=11, deg_S=15, deg_comp=13313.0

[DEBUG] Cluster 604: 3 nodes [1337, 2300, 2636]
[DEBUG][φ] cut=6, deg_S=12, deg_comp=13316.0

[DEBUG] Cluster 605: 2 nodes [1343, 1363]
[DEBUG][φ] cut=13, deg_S=15, deg_comp=13313.0

[DEBUG] Cluster 606: 4 nodes [1348, 1535, 1537, 1556]
[DEBUG][φ] cut=12, deg_S=22, deg_comp=13306.0

[DEBUG] Cluster 607: 1 nodes [1349]
[DEBUG][φ] cut=1, deg_S=1, deg_comp=13327.0

[DEBUG] Cluster 608: 1 nodes [1350]
[DEBUG][φ] cut=1, deg_S=1, deg_comp=13327.0

[DEBUG] Cluster 609: 2 nodes [1352, 1672]
[DEBUG][φ] cut=9, deg_S=11, deg_comp=13317.0

[DEBUG] Cluster 610: 3 nodes [1353, 1880, 2302]
[DEBUG][φ] cut=8, deg_S=12, deg_comp=13316.0

[DEBUG] Cluster 611: 3 nodes [1355, 1640, 1648]
[DEBUG][φ] cut=9, deg_S=13, deg_comp=13315.0

[DEBUG] Cluster 612: 2 nodes [1356, 1430]
[DEBUG][φ] cut=4, deg_S=6, deg_comp=13322.0

[DEBUG] Cluster 613: 3 nodes [1357, 1461, 1511]
[DEBUG][φ] cut=4, deg_S=8, deg_comp=13320.0

[DEBUG] Cluster 614: 4 nodes [1364, 1460, 2273, 2653]
[DEBUG][φ] cut=24, deg_S=34, deg_comp=13294.0

[DEBUG] Cluster 615: 1 nodes [1366]
[DEBUG][φ] cut=13, deg_S=13, deg_comp=13315.0

[DEBUG] Cluster 616: 4 nodes [1367, 1497, 2371, 2489]
[DEBUG][φ] cut=13, deg_S=21, deg_comp=13307.0

[DEBUG] Cluster 617: 4 nodes [1370, 2038, 2172, 2692]
[DEBUG][φ] cut=5, deg_S=11, deg_comp=13317.0

[DEBUG] Cluster 618: 2 nodes [1373, 2683]
[DEBUG][φ] cut=11, deg_S=13, deg_comp=13315.0

[DEBUG] Cluster 619: 1 nodes [1378]
[DEBUG][φ] cut=14, deg_S=14, deg_comp=13314.0

[DEBUG] Cluster 620: 2 nodes [1379, 1611]
[DEBUG][φ] cut=5, deg_S=7, deg_comp=13321.0

[DEBUG] Cluster 621: 3 nodes [1383, 1384, 1398]
[DEBUG][φ] cut=1, deg_S=7, deg_comp=13321.0

[DEBUG] Cluster 622: 2 nodes [1385, 1653]
[DEBUG][φ] cut=1, deg_S=3, deg_comp=13325.0

[DEBUG] Cluster 623: 4 nodes [1386, 2004, 2040, 2360]
[DEBUG][φ] cut=19, deg_S=29, deg_comp=13299.0

[DEBUG] Cluster 624: 1 nodes [1387]
[DEBUG][φ] cut=1, deg_S=1, deg_comp=13327.0

[DEBUG] Cluster 625: 2 nodes [1388, 1586]
[DEBUG][φ] cut=3, deg_S=5, deg_comp=13323.0

[DEBUG] Cluster 626: 1 nodes [1391]
[DEBUG][φ] cut=1, deg_S=1, deg_comp=13327.0

[DEBUG] Cluster 627: 2 nodes [1393, 1502]
[DEBUG][φ] cut=13, deg_S=15, deg_comp=13313.0

[DEBUG] Cluster 628: 1 nodes [1395]
[DEBUG][φ] cut=1, deg_S=1, deg_comp=13327.0

[DEBUG] Cluster 629: 3 nodes [1408, 1736, 2641]
[DEBUG][φ] cut=11, deg_S=15, deg_comp=13313.0

[DEBUG] Cluster 630: 2 nodes [1417, 1421]
[DEBUG][φ] cut=1, deg_S=3, deg_comp=13325.0

[DEBUG] Cluster 631: 3 nodes [1420, 1752, 2706]
[DEBUG][φ] cut=10, deg_S=16, deg_comp=13312.0

[DEBUG] Cluster 632: 6 nodes [1428, 1601, 2424, 2493, 2589, 2617]
[DEBUG][φ] cut=21, deg_S=33, deg_comp=13295.0

[DEBUG] Cluster 633: 1 nodes [1436]
[DEBUG][φ] cut=1, deg_S=1, deg_comp=13327.0

[DEBUG] Cluster 634: 2 nodes [1455, 1685]
[DEBUG][φ] cut=10, deg_S=12, deg_comp=13316.0

[DEBUG] Cluster 635: 3 nodes [1456, 1469, 2168]
[DEBUG][φ] cut=18, deg_S=22, deg_comp=13306.0

[DEBUG] Cluster 636: 2 nodes [1458, 1714]
[DEBUG][φ] cut=1, deg_S=3, deg_comp=13325.0

[DEBUG] Cluster 637: 2 nodes [1479, 1545]
[DEBUG][φ] cut=13, deg_S=15, deg_comp=13313.0

[DEBUG] Cluster 638: 2 nodes [1482, 1692]
[DEBUG][φ] cut=7, deg_S=9, deg_comp=13319.0

[DEBUG] Cluster 639: 5 nodes [1498, 1881, 2158, 2449, 2450]
[DEBUG][φ] cut=12, deg_S=28, deg_comp=13300.0

[DEBUG] Cluster 640: 1 nodes [1517]
[DEBUG][φ] cut=1, deg_S=1, deg_comp=13327.0

[DEBUG] Cluster 641: 1 nodes [1520]
[DEBUG][φ] cut=18, deg_S=18, deg_comp=13310.0

[DEBUG] Cluster 642: 1 nodes [1541]
[DEBUG][φ] cut=1, deg_S=1, deg_comp=13327.0

[DEBUG] Cluster 643: 4 nodes [1543, 2169, 2420, 2525]
[DEBUG][φ] cut=8, deg_S=20, deg_comp=13308.0

[DEBUG] Cluster 644: 1 nodes [1551]
[DEBUG][φ] cut=3, deg_S=3, deg_comp=13325.0

[DEBUG] Cluster 645: 2 nodes [1569, 1721]
[DEBUG][φ] cut=15, deg_S=17, deg_comp=13311.0

[DEBUG] Cluster 646: 4 nodes [1582, 1909, 2017, 2677]
[DEBUG][φ] cut=12, deg_S=24, deg_comp=13304.0

[DEBUG] Cluster 647: 2 nodes [1604, 1633]
[DEBUG][φ] cut=7, deg_S=9, deg_comp=13319.0

[DEBUG] Cluster 648: 1 nodes [1612]
[DEBUG][φ] cut=1, deg_S=1, deg_comp=13327.0

[DEBUG] Cluster 649: 2 nodes [1613, 1614]
[DEBUG][φ] cut=5, deg_S=7, deg_comp=13321.0

[DEBUG] Cluster 650: 1 nodes [1629]
[DEBUG][φ] cut=1, deg_S=1, deg_comp=13327.0

[DEBUG] Cluster 651: 4 nodes [1631, 1769, 2330, 2604]
[DEBUG][φ] cut=10, deg_S=18, deg_comp=13310.0

[DEBUG] Cluster 652: 2 nodes [1636, 1987]
[DEBUG][φ] cut=8, deg_S=10, deg_comp=13318.0

[DEBUG] Cluster 653: 4 nodes [1646, 2248, 2251, 2296]
[DEBUG][φ] cut=10, deg_S=16, deg_comp=13312.0

[DEBUG] Cluster 654: 2 nodes [1647, 2615]
[DEBUG][φ] cut=7, deg_S=9, deg_comp=13319.0

[DEBUG] Cluster 655: 2 nodes [1652, 1659]
[DEBUG][φ] cut=2, deg_S=4, deg_comp=13324.0

[DEBUG] Cluster 656: 5 nodes [1668, 1914, 2176, 2388, 2535]
[DEBUG][φ] cut=8, deg_S=20, deg_comp=13308.0

[DEBUG] Cluster 657: 2 nodes [1674, 1680]
[DEBUG][φ] cut=4, deg_S=6, deg_comp=13322.0

[DEBUG] Cluster 658: 1 nodes [1681]
[DEBUG][φ] cut=1, deg_S=1, deg_comp=13327.0

[DEBUG] Cluster 659: 1 nodes [1682]
[DEBUG][φ] cut=1, deg_S=1, deg_comp=13327.0

[DEBUG] Cluster 660: 3 nodes [1693, 2221, 2404]
[DEBUG][φ] cut=8, deg_S=12, deg_comp=13316.0

[DEBUG] Cluster 661: 3 nodes [1696, 1771, 1872]
[DEBUG][φ] cut=13, deg_S=19, deg_comp=13309.0

[DEBUG] Cluster 662: 5 nodes [1698, 1947, 2256, 2557, 2597]
[DEBUG][φ] cut=9, deg_S=21, deg_comp=13307.0

[DEBUG] Cluster 663: 1 nodes [1707]
[DEBUG][φ] cut=3, deg_S=3, deg_comp=13325.0

[DEBUG] Cluster 664: 1 nodes [1713]
[DEBUG][φ] cut=16, deg_S=16, deg_comp=13312.0

[DEBUG] Cluster 665: 2 nodes [1715, 1734]
[DEBUG][φ] cut=7, deg_S=9, deg_comp=13319.0

[DEBUG] Cluster 666: 3 nodes [1716, 1870, 2362]
[DEBUG][φ] cut=11, deg_S=17, deg_comp=13311.0

[DEBUG] Cluster 667: 2 nodes [1718, 2414]
[DEBUG][φ] cut=16, deg_S=18, deg_comp=13310.0

[DEBUG] Cluster 668: 1 nodes [1720]
[DEBUG][φ] cut=1, deg_S=1, deg_comp=13327.0

[DEBUG] Cluster 669: 2 nodes [1722, 1723]
[DEBUG][φ] cut=4, deg_S=6, deg_comp=13322.0

[DEBUG] Cluster 670: 1 nodes [1744]
[DEBUG][φ] cut=1, deg_S=1, deg_comp=13327.0

[DEBUG] Cluster 671: 4 nodes [1745, 2238, 2249, 2271]
[DEBUG][φ] cut=8, deg_S=14, deg_comp=13314.0

[DEBUG] Cluster 672: 1 nodes [1746]
[DEBUG][φ] cut=1, deg_S=1, deg_comp=13327.0

[DEBUG] Cluster 673: 6 nodes [1748, 1835, 2011, 2146, 2182, 2633]
[DEBUG][φ] cut=8, deg_S=24, deg_comp=13304.0

[DEBUG] Cluster 674: 3 nodes [1749, 2094, 2164]
[DEBUG][φ] cut=3, deg_S=9, deg_comp=13319.0

[DEBUG] Cluster 675: 3 nodes [1750, 2106, 2649]
[DEBUG][φ] cut=6, deg_S=10, deg_comp=13318.0

[DEBUG] Cluster 676: 1 nodes [1751]
[DEBUG][φ] cut=1, deg_S=1, deg_comp=13327.0

[DEBUG] Cluster 677: 2 nodes [1753, 2268]
[DEBUG][φ] cut=2, deg_S=4, deg_comp=13324.0

[DEBUG] Cluster 678: 2 nodes [1755, 2432]
[DEBUG][φ] cut=1, deg_S=3, deg_comp=13325.0

[DEBUG] Cluster 679: 3 nodes [1756, 2603, 2613]
[DEBUG][φ] cut=3, deg_S=7, deg_comp=13321.0

[DEBUG] Cluster 680: 3 nodes [1758, 2255, 2412]
[DEBUG][φ] cut=2, deg_S=8, deg_comp=13320.0

[DEBUG] Cluster 681: 2 nodes [1759, 2288]
[DEBUG][φ] cut=3, deg_S=5, deg_comp=13323.0

[DEBUG] Cluster 682: 2 nodes [1763, 2611]
[DEBUG][φ] cut=5, deg_S=7, deg_comp=13321.0

[DEBUG] Cluster 683: 2 nodes [1764, 1770]
[DEBUG][φ] cut=4, deg_S=6, deg_comp=13322.0

[DEBUG] Cluster 684: 1 nodes [1765]
[DEBUG][φ] cut=3, deg_S=3, deg_comp=13325.0

[DEBUG] Cluster 685: 2 nodes [1766, 1810]
[DEBUG][φ] cut=2, deg_S=4, deg_comp=13324.0

[DEBUG] Cluster 686: 3 nodes [1768, 2257, 2444]
[DEBUG][φ] cut=10, deg_S=14, deg_comp=13314.0

[DEBUG] Cluster 687: 2 nodes [1772, 2351]
[DEBUG][φ] cut=1, deg_S=3, deg_comp=13325.0

[DEBUG] Cluster 688: 2 nodes [1773, 2545]
[DEBUG][φ] cut=4, deg_S=6, deg_comp=13322.0

[DEBUG] Cluster 689: 3 nodes [1775, 2116, 2125]
[DEBUG][φ] cut=8, deg_S=12, deg_comp=13316.0

[DEBUG] Cluster 690: 1 nodes [1777]
[DEBUG][φ] cut=2, deg_S=2, deg_comp=13326.0

[DEBUG] Cluster 691: 3 nodes [1779, 1780, 2007]
[DEBUG][φ] cut=1, deg_S=5, deg_comp=13323.0

[DEBUG] Cluster 692: 4 nodes [1781, 1819, 2229, 2663]
[DEBUG][φ] cut=6, deg_S=12, deg_comp=13316.0

[DEBUG] Cluster 693: 3 nodes [1788, 2143, 2181]
[DEBUG][φ] cut=6, deg_S=10, deg_comp=13318.0

[DEBUG] Cluster 694: 1 nodes [1789]
[DEBUG][φ] cut=1, deg_S=1, deg_comp=13327.0

[DEBUG] Cluster 695: 5 nodes [1793, 1794, 1795, 2082, 2178]
[DEBUG][φ] cut=16, deg_S=34, deg_comp=13294.0

[DEBUG] Cluster 696: 3 nodes [1796, 1917, 2001]
[DEBUG][φ] cut=4, deg_S=10, deg_comp=13318.0

[DEBUG] Cluster 697: 1 nodes [1798]
[DEBUG][φ] cut=1, deg_S=1, deg_comp=13327.0

[DEBUG] Cluster 698: 4 nodes [1800, 1994, 1995, 2241]
[DEBUG][φ] cut=10, deg_S=18, deg_comp=13310.0

[DEBUG] Cluster 699: 1 nodes [1802]
[DEBUG][φ] cut=2, deg_S=2, deg_comp=13326.0

[DEBUG] Cluster 700: 3 nodes [1803, 1856, 1913]
[DEBUG][φ] cut=5, deg_S=9, deg_comp=13319.0

[DEBUG] Cluster 701: 1 nodes [1804]
[DEBUG][φ] cut=2, deg_S=2, deg_comp=13326.0

[DEBUG] Cluster 702: 1 nodes [1805]
[DEBUG][φ] cut=2, deg_S=2, deg_comp=13326.0

[DEBUG] Cluster 703: 2 nodes [1808, 2210]
[DEBUG][φ] cut=2, deg_S=4, deg_comp=13324.0

[DEBUG] Cluster 704: 2 nodes [1809, 2071]
[DEBUG][φ] cut=1, deg_S=3, deg_comp=13325.0

[DEBUG] Cluster 705: 2 nodes [1811, 2410]
[DEBUG][φ] cut=6, deg_S=8, deg_comp=13320.0

[DEBUG] Cluster 706: 2 nodes [1813, 2393]
[DEBUG][φ] cut=9, deg_S=11, deg_comp=13317.0

[DEBUG] Cluster 707: 1 nodes [1817]
[DEBUG][φ] cut=1, deg_S=1, deg_comp=13327.0

[DEBUG] Cluster 708: 2 nodes [1818, 2073]
[DEBUG][φ] cut=4, deg_S=6, deg_comp=13322.0

[DEBUG] Cluster 709: 3 nodes [1820, 2383, 2569]
[DEBUG][φ] cut=1, deg_S=5, deg_comp=13323.0

[DEBUG] Cluster 710: 3 nodes [1831, 1832, 1836]
[DEBUG][φ] cut=6, deg_S=12, deg_comp=13316.0

[DEBUG] Cluster 711: 2 nodes [1833, 2367]
[DEBUG][φ] cut=1, deg_S=3, deg_comp=13325.0

[DEBUG] Cluster 712: 3 nodes [1838, 1908, 2514]
[DEBUG][φ] cut=12, deg_S=18, deg_comp=13310.0

[DEBUG] Cluster 713: 3 nodes [1840, 2216, 2705]
[DEBUG][φ] cut=5, deg_S=9, deg_comp=13319.0

[DEBUG] Cluster 714: 3 nodes [1844, 1845, 1979]
[DEBUG][φ] cut=3, deg_S=9, deg_comp=13319.0

[DEBUG] Cluster 715: 4 nodes [1846, 1847, 1927, 2537]
[DEBUG][φ] cut=2, deg_S=12, deg_comp=13316.0

[DEBUG] Cluster 716: 2 nodes [1848, 2483]
[DEBUG][φ] cut=6, deg_S=8, deg_comp=13320.0

[DEBUG] Cluster 717: 1 nodes [1849]
[DEBUG][φ] cut=1, deg_S=1, deg_comp=13327.0

[DEBUG] Cluster 718: 2 nodes [1850, 2554]
[DEBUG][φ] cut=2, deg_S=4, deg_comp=13324.0

[DEBUG] Cluster 719: 2 nodes [1851, 1896]
[DEBUG][φ] cut=4, deg_S=6, deg_comp=13322.0

[DEBUG] Cluster 720: 3 nodes [1853, 1861, 2320]
[DEBUG][φ] cut=2, deg_S=6, deg_comp=13322.0

[DEBUG] Cluster 721: 3 nodes [1854, 1976, 2048]
[DEBUG][φ] cut=7, deg_S=11, deg_comp=13317.0

[DEBUG] Cluster 722: 5 nodes [1855, 1864, 2075, 2122, 2299]
[DEBUG][φ] cut=13, deg_S=29, deg_comp=13299.0

[DEBUG] Cluster 723: 2 nodes [1858, 2528]
[DEBUG][φ] cut=1, deg_S=3, deg_comp=13325.0

[DEBUG] Cluster 724: 4 nodes [1860, 2430, 2647, 2658]
[DEBUG][φ] cut=16, deg_S=26, deg_comp=13302.0

[DEBUG] Cluster 725: 1 nodes [1862]
[DEBUG][φ] cut=6, deg_S=6, deg_comp=13322.0

[DEBUG] Cluster 726: 2 nodes [1863, 1964]
[DEBUG][φ] cut=11, deg_S=13, deg_comp=13315.0

[DEBUG] Cluster 727: 2 nodes [1865, 2107]
[DEBUG][φ] cut=6, deg_S=8, deg_comp=13320.0

[DEBUG] Cluster 728: 4 nodes [1868, 1906, 2421, 2654]
[DEBUG][φ] cut=11, deg_S=17, deg_comp=13311.0

[DEBUG] Cluster 729: 1 nodes [1873]
[DEBUG][φ] cut=1, deg_S=1, deg_comp=13327.0

[DEBUG] Cluster 730: 1 nodes [1874]
[DEBUG][φ] cut=1, deg_S=1, deg_comp=13327.0

[DEBUG] Cluster 731: 2 nodes [1875, 2553]
[DEBUG][φ] cut=3, deg_S=5, deg_comp=13323.0

[DEBUG] Cluster 732: 3 nodes [1878, 2496, 2571]
[DEBUG][φ] cut=6, deg_S=12, deg_comp=13316.0

[DEBUG] Cluster 733: 1 nodes [1882]
[DEBUG][φ] cut=1, deg_S=1, deg_comp=13327.0

[DEBUG] Cluster 734: 2 nodes [1883, 2177]
[DEBUG][φ] cut=1, deg_S=3, deg_comp=13325.0

[DEBUG] Cluster 735: 4 nodes [1884, 1885, 1886, 1902]
[DEBUG][φ] cut=10, deg_S=22, deg_comp=13306.0

[DEBUG] Cluster 736: 2 nodes [1887, 2258]
[DEBUG][φ] cut=2, deg_S=4, deg_comp=13324.0

[DEBUG] Cluster 737: 2 nodes [1889, 2648]
[DEBUG][φ] cut=14, deg_S=16, deg_comp=13312.0

[DEBUG] Cluster 738: 4 nodes [1892, 2131, 2319, 2479]
[DEBUG][φ] cut=6, deg_S=12, deg_comp=13316.0

[DEBUG] Cluster 739: 3 nodes [1901, 2301, 2588]
[DEBUG][φ] cut=3, deg_S=7, deg_comp=13321.0

[DEBUG] Cluster 740: 2 nodes [1904, 2556]
[DEBUG][φ] cut=2, deg_S=4, deg_comp=13324.0

[DEBUG] Cluster 741: 2 nodes [1907, 2097]
[DEBUG][φ] cut=9, deg_S=11, deg_comp=13317.0

[DEBUG] Cluster 742: 4 nodes [1910, 2159, 2488, 2661]
[DEBUG][φ] cut=17, deg_S=25, deg_comp=13303.0

[DEBUG] Cluster 743: 1 nodes [1915]
[DEBUG][φ] cut=3, deg_S=3, deg_comp=13325.0

[DEBUG] Cluster 744: 2 nodes [1916, 2400]
[DEBUG][φ] cut=3, deg_S=5, deg_comp=13323.0

[DEBUG] Cluster 745: 2 nodes [1918, 2329]
[DEBUG][φ] cut=8, deg_S=10, deg_comp=13318.0

[DEBUG] Cluster 746: 1 nodes [1920]
[DEBUG][φ] cut=1, deg_S=1, deg_comp=13327.0

[DEBUG] Cluster 747: 3 nodes [1921, 1931, 2402]
[DEBUG][φ] cut=9, deg_S=15, deg_comp=13313.0

[DEBUG] Cluster 748: 5 nodes [1923, 1928, 2114, 2124, 2570]
[DEBUG][φ] cut=10, deg_S=26, deg_comp=13302.0

[DEBUG] Cluster 749: 3 nodes [1924, 2034, 2327]
[DEBUG][φ] cut=12, deg_S=16, deg_comp=13312.0

[DEBUG] Cluster 750: 2 nodes [1925, 2392]
[DEBUG][φ] cut=2, deg_S=4, deg_comp=13324.0

[DEBUG] Cluster 751: 2 nodes [1926, 1941]
[DEBUG][φ] cut=3, deg_S=5, deg_comp=13323.0

[DEBUG] Cluster 752: 1 nodes [1929]
[DEBUG][φ] cut=1, deg_S=1, deg_comp=13327.0

[DEBUG] Cluster 753: 1 nodes [1930]
[DEBUG][φ] cut=1, deg_S=1, deg_comp=13327.0

[DEBUG] Cluster 754: 2 nodes [1935, 2340]
[DEBUG][φ] cut=3, deg_S=5, deg_comp=13323.0

[DEBUG] Cluster 755: 2 nodes [1936, 1943]
[DEBUG][φ] cut=2, deg_S=4, deg_comp=13324.0

[DEBUG] Cluster 756: 2 nodes [1937, 2293]
[DEBUG][φ] cut=7, deg_S=9, deg_comp=13319.0

[DEBUG] Cluster 757: 1 nodes [1938]
[DEBUG][φ] cut=3, deg_S=3, deg_comp=13325.0

[DEBUG] Cluster 758: 2 nodes [1939, 2307]
[DEBUG][φ] cut=2, deg_S=4, deg_comp=13324.0

[DEBUG] Cluster 759: 4 nodes [1940, 1958, 2226, 2478]
[DEBUG][φ] cut=13, deg_S=19, deg_comp=13309.0

[DEBUG] Cluster 760: 1 nodes [1942]
[DEBUG][φ] cut=1, deg_S=1, deg_comp=13327.0

[DEBUG] Cluster 761: 2 nodes [1944, 2137]
[DEBUG][φ] cut=7, deg_S=9, deg_comp=13319.0

[DEBUG] Cluster 762: 1 nodes [1948]
[DEBUG][φ] cut=1, deg_S=1, deg_comp=13327.0

[DEBUG] Cluster 763: 1 nodes [1949]
[DEBUG][φ] cut=1, deg_S=1, deg_comp=13327.0

[DEBUG] Cluster 764: 3 nodes [1950, 2139, 2220]
[DEBUG][φ] cut=14, deg_S=18, deg_comp=13310.0

[DEBUG] Cluster 765: 2 nodes [1951, 2303]
[DEBUG][φ] cut=2, deg_S=4, deg_comp=13324.0

[DEBUG] Cluster 766: 2 nodes [1953, 2574]
[DEBUG][φ] cut=3, deg_S=5, deg_comp=13323.0

[DEBUG] Cluster 767: 4 nodes [1955, 2149, 2188, 2194]
[DEBUG][φ] cut=7, deg_S=19, deg_comp=13309.0

[DEBUG] Cluster 768: 1 nodes [1960]
[DEBUG][φ] cut=1, deg_S=1, deg_comp=13327.0

[DEBUG] Cluster 769: 2 nodes [1963, 2195]
[DEBUG][φ] cut=9, deg_S=11, deg_comp=13317.0

[DEBUG] Cluster 770: 4 nodes [1969, 2051, 2165, 2363]
[DEBUG][φ] cut=10, deg_S=18, deg_comp=13310.0

[DEBUG] Cluster 771: 3 nodes [1970, 2486, 2586]
[DEBUG][φ] cut=5, deg_S=9, deg_comp=13319.0

[DEBUG] Cluster 772: 1 nodes [1972]
[DEBUG][φ] cut=1, deg_S=1, deg_comp=13327.0

[DEBUG] Cluster 773: 3 nodes [1974, 2072, 2227]
[DEBUG][φ] cut=14, deg_S=20, deg_comp=13308.0

[DEBUG] Cluster 774: 2 nodes [1975, 2655]
[DEBUG][φ] cut=4, deg_S=6, deg_comp=13322.0

[DEBUG] Cluster 775: 2 nodes [1977, 2318]
[DEBUG][φ] cut=7, deg_S=9, deg_comp=13319.0

[DEBUG] Cluster 776: 3 nodes [1978, 1982, 1992]
[DEBUG][φ] cut=14, deg_S=20, deg_comp=13308.0

[DEBUG] Cluster 777: 1 nodes [1981]
[DEBUG][φ] cut=3, deg_S=3, deg_comp=13325.0

[DEBUG] Cluster 778: 5 nodes [1983, 2078, 2406, 2425, 2474]
[DEBUG][φ] cut=9, deg_S=23, deg_comp=13305.0

[DEBUG] Cluster 779: 4 nodes [1984, 2133, 2206, 2379]
[DEBUG][φ] cut=8, deg_S=20, deg_comp=13308.0

[DEBUG] Cluster 780: 3 nodes [1985, 2065, 2086]
[DEBUG][φ] cut=5, deg_S=11, deg_comp=13317.0

[DEBUG] Cluster 781: 1 nodes [1988]
[DEBUG][φ] cut=1, deg_S=1, deg_comp=13327.0

[DEBUG] Cluster 782: 1 nodes [1989]
[DEBUG][φ] cut=1, deg_S=1, deg_comp=13327.0

[DEBUG] Cluster 783: 3 nodes [1991, 2002, 2510]
[DEBUG][φ] cut=11, deg_S=15, deg_comp=13313.0

[DEBUG] Cluster 784: 1 nodes [1996]
[DEBUG][φ] cut=1, deg_S=1, deg_comp=13327.0

[DEBUG] Cluster 785: 1 nodes [1997]
[DEBUG][φ] cut=1, deg_S=1, deg_comp=13327.0

[DEBUG] Cluster 786: 1 nodes [1998]
[DEBUG][φ] cut=1, deg_S=1, deg_comp=13327.0

[DEBUG] Cluster 787: 3 nodes [1999, 2003, 2515]
[DEBUG][φ] cut=1, deg_S=7, deg_comp=13321.0

[DEBUG] Cluster 788: 5 nodes [2005, 2141, 2345, 2418, 2511]
[DEBUG][φ] cut=3, deg_S=19, deg_comp=13309.0

[DEBUG] Cluster 789: 1 nodes [2006]
[DEBUG][φ] cut=13, deg_S=13, deg_comp=13315.0

[DEBUG] Cluster 790: 3 nodes [2008, 2022, 2219]
[DEBUG][φ] cut=6, deg_S=12, deg_comp=13316.0

[DEBUG] Cluster 791: 1 nodes [2009]
[DEBUG][φ] cut=1, deg_S=1, deg_comp=13327.0

[DEBUG] Cluster 792: 2 nodes [2010, 2447]
[DEBUG][φ] cut=1, deg_S=3, deg_comp=13325.0

[DEBUG] Cluster 793: 3 nodes [2012, 2023, 2135]
[DEBUG][φ] cut=7, deg_S=13, deg_comp=13315.0

[DEBUG] Cluster 794: 2 nodes [2013, 2382]
[DEBUG][φ] cut=1, deg_S=3, deg_comp=13325.0

[DEBUG] Cluster 795: 2 nodes [2015, 2092]
[DEBUG][φ] cut=3, deg_S=5, deg_comp=13323.0

[DEBUG] Cluster 796: 2 nodes [2019, 2147]
[DEBUG][φ] cut=7, deg_S=9, deg_comp=13319.0

[DEBUG] Cluster 797: 2 nodes [2025, 2693]
[DEBUG][φ] cut=2, deg_S=4, deg_comp=13324.0

[DEBUG] Cluster 798: 3 nodes [2031, 2032, 2171]
[DEBUG][φ] cut=3, deg_S=7, deg_comp=13321.0

[DEBUG] Cluster 799: 1 nodes [2041]
[DEBUG][φ] cut=1, deg_S=1, deg_comp=13327.0

[DEBUG] Cluster 800: 2 nodes [2043, 2270]
[DEBUG][φ] cut=2, deg_S=4, deg_comp=13324.0

[DEBUG] Cluster 801: 2 nodes [2045, 2550]
[DEBUG][φ] cut=1, deg_S=3, deg_comp=13325.0

[DEBUG] Cluster 802: 2 nodes [2047, 2111]
[DEBUG][φ] cut=2, deg_S=4, deg_comp=13324.0

[DEBUG] Cluster 803: 3 nodes [2050, 2260, 2501]
[DEBUG][φ] cut=4, deg_S=8, deg_comp=13320.0

[DEBUG] Cluster 804: 2 nodes [2052, 2062]
[DEBUG][φ] cut=5, deg_S=7, deg_comp=13321.0

[DEBUG] Cluster 805: 2 nodes [2055, 2352]
[DEBUG][φ] cut=1, deg_S=3, deg_comp=13325.0

[DEBUG] Cluster 806: 1 nodes [2063]
[DEBUG][φ] cut=1, deg_S=1, deg_comp=13327.0

[DEBUG] Cluster 807: 1 nodes [2064]
[DEBUG][φ] cut=2, deg_S=2, deg_comp=13326.0

[DEBUG] Cluster 808: 1 nodes [2070]
[DEBUG][φ] cut=2, deg_S=2, deg_comp=13326.0

[DEBUG] Cluster 809: 3 nodes [2079, 2080, 2609]
[DEBUG][φ] cut=6, deg_S=10, deg_comp=13318.0

[DEBUG] Cluster 810: 2 nodes [2083, 2224]
[DEBUG][φ] cut=4, deg_S=6, deg_comp=13322.0

[DEBUG] Cluster 811: 3 nodes [2087, 2259, 2261]
[DEBUG][φ] cut=14, deg_S=20, deg_comp=13308.0

[DEBUG] Cluster 812: 3 nodes [2090, 2415, 2530]
[DEBUG][φ] cut=2, deg_S=6, deg_comp=13322.0

[DEBUG] Cluster 813: 2 nodes [2091, 2539]
[DEBUG][φ] cut=18, deg_S=20, deg_comp=13308.0

[DEBUG] Cluster 814: 1 nodes [2096]
[DEBUG][φ] cut=1, deg_S=1, deg_comp=13327.0

[DEBUG] Cluster 815: 2 nodes [2098, 2156]
[DEBUG][φ] cut=4, deg_S=6, deg_comp=13322.0

[DEBUG] Cluster 816: 3 nodes [2103, 2334, 2353]
[DEBUG][φ] cut=13, deg_S=17, deg_comp=13311.0

[DEBUG] Cluster 817: 1 nodes [2105]
[DEBUG][φ] cut=1, deg_S=1, deg_comp=13327.0

[DEBUG] Cluster 818: 1 nodes [2109]
[DEBUG][φ] cut=1, deg_S=1, deg_comp=13327.0

[DEBUG] Cluster 819: 2 nodes [2113, 2623]
[DEBUG][φ] cut=1, deg_S=3, deg_comp=13325.0

[DEBUG] Cluster 820: 1 nodes [2117]
[DEBUG][φ] cut=1, deg_S=1, deg_comp=13327.0

[DEBUG] Cluster 821: 1 nodes [2119]
[DEBUG][φ] cut=1, deg_S=1, deg_comp=13327.0

[DEBUG] Cluster 822: 1 nodes [2120]
[DEBUG][φ] cut=1, deg_S=1, deg_comp=13327.0

[DEBUG] Cluster 823: 1 nodes [2121]
[DEBUG][φ] cut=1, deg_S=1, deg_comp=13327.0

[DEBUG] Cluster 824: 3 nodes [2123, 2482, 2645]
[DEBUG][φ] cut=7, deg_S=11, deg_comp=13317.0

[DEBUG] Cluster 825: 1 nodes [2134]
[DEBUG][φ] cut=1, deg_S=1, deg_comp=13327.0

[DEBUG] Cluster 826: 1 nodes [2136]
[DEBUG][φ] cut=1, deg_S=1, deg_comp=13327.0

[DEBUG] Cluster 827: 1 nodes [2142]
[DEBUG][φ] cut=1, deg_S=1, deg_comp=13327.0

[DEBUG] Cluster 828: 2 nodes [2145, 2408]
[DEBUG][φ] cut=2, deg_S=4, deg_comp=13324.0

[DEBUG] Cluster 829: 1 nodes [2148]
[DEBUG][φ] cut=1, deg_S=1, deg_comp=13327.0

[DEBUG] Cluster 830: 2 nodes [2153, 2699]
[DEBUG][φ] cut=13, deg_S=15, deg_comp=13313.0

[DEBUG] Cluster 831: 1 nodes [2154]
[DEBUG][φ] cut=1, deg_S=1, deg_comp=13327.0

[DEBUG] Cluster 832: 4 nodes [2161, 2166, 2167, 2524]
[DEBUG][φ] cut=13, deg_S=21, deg_comp=13307.0

[DEBUG] Cluster 833: 2 nodes [2162, 2599]
[DEBUG][φ] cut=3, deg_S=5, deg_comp=13323.0

[DEBUG] Cluster 834: 1 nodes [2163]
[DEBUG][φ] cut=1, deg_S=1, deg_comp=13327.0

[DEBUG] Cluster 835: 3 nodes [2184, 2398, 2399]
[DEBUG][φ] cut=6, deg_S=12, deg_comp=13316.0

[DEBUG] Cluster 836: 1 nodes [2185]
[DEBUG][φ] cut=1, deg_S=1, deg_comp=13327.0

[DEBUG] Cluster 837: 3 nodes [2186, 2321, 2370]
[DEBUG][φ] cut=1, deg_S=5, deg_comp=13323.0

[DEBUG] Cluster 838: 4 nodes [2189, 2190, 2365, 2668]
[DEBUG][φ] cut=7, deg_S=17, deg_comp=13311.0

[DEBUG] Cluster 839: 3 nodes [2203, 2397, 2405]
[DEBUG][φ] cut=5, deg_S=11, deg_comp=13317.0

[DEBUG] Cluster 840: 3 nodes [2208, 2235, 2313]
[DEBUG][φ] cut=4, deg_S=8, deg_comp=13320.0

[DEBUG] Cluster 841: 2 nodes [2209, 2689]
[DEBUG][φ] cut=1, deg_S=3, deg_comp=13325.0

[DEBUG] Cluster 842: 1 nodes [2212]
[DEBUG][φ] cut=1, deg_S=1, deg_comp=13327.0

[DEBUG] Cluster 843: 2 nodes [2215, 2650]
[DEBUG][φ] cut=9, deg_S=11, deg_comp=13317.0

[DEBUG] Cluster 844: 2 nodes [2236, 2542]
[DEBUG][φ] cut=3, deg_S=5, deg_comp=13323.0

[DEBUG] Cluster 845: 2 nodes [2237, 2274]
[DEBUG][φ] cut=2, deg_S=4, deg_comp=13324.0

[DEBUG] Cluster 846: 3 nodes [2242, 2458, 2506]
[DEBUG][φ] cut=9, deg_S=13, deg_comp=13315.0

[DEBUG] Cluster 847: 2 nodes [2243, 2244]
[DEBUG][φ] cut=2, deg_S=4, deg_comp=13324.0

[DEBUG] Cluster 848: 1 nodes [2247]
[DEBUG][φ] cut=2, deg_S=2, deg_comp=13326.0

[DEBUG] Cluster 849: 3 nodes [2252, 2269, 2277]
[DEBUG][φ] cut=5, deg_S=9, deg_comp=13319.0

[DEBUG] Cluster 850: 2 nodes [2262, 2435]
[DEBUG][φ] cut=3, deg_S=5, deg_comp=13323.0

[DEBUG] Cluster 851: 1 nodes [2263]
[DEBUG][φ] cut=2, deg_S=2, deg_comp=13326.0

[DEBUG] Cluster 852: 1 nodes [2264]
[DEBUG][φ] cut=1, deg_S=1, deg_comp=13327.0

[DEBUG] Cluster 853: 2 nodes [2280, 2286]
[DEBUG][φ] cut=6, deg_S=8, deg_comp=13320.0

[DEBUG] Cluster 854: 2 nodes [2287, 2315]
[DEBUG][φ] cut=2, deg_S=4, deg_comp=13324.0

[DEBUG] Cluster 855: 1 nodes [2289]
[DEBUG][φ] cut=2, deg_S=2, deg_comp=13326.0

[DEBUG] Cluster 856: 3 nodes [2294, 2521, 2529]
[DEBUG][φ] cut=11, deg_S=17, deg_comp=13311.0

[DEBUG] Cluster 857: 2 nodes [2298, 2518]
[DEBUG][φ] cut=2, deg_S=4, deg_comp=13324.0

[DEBUG] Cluster 858: 2 nodes [2312, 2587]
[DEBUG][φ] cut=3, deg_S=5, deg_comp=13323.0

[DEBUG] Cluster 859: 2 nodes [2316, 2659]
[DEBUG][φ] cut=8, deg_S=10, deg_comp=13318.0

[DEBUG] Cluster 860: 4 nodes [2322, 2498, 2500, 2567]
[DEBUG][φ] cut=16, deg_S=26, deg_comp=13302.0

[DEBUG] Cluster 861: 2 nodes [2323, 2419]
[DEBUG][φ] cut=12, deg_S=14, deg_comp=13314.0

[DEBUG] Cluster 862: 2 nodes [2325, 2538]
[DEBUG][φ] cut=2, deg_S=4, deg_comp=13324.0

[DEBUG] Cluster 863: 2 nodes [2333, 2583]
[DEBUG][φ] cut=11, deg_S=13, deg_comp=13315.0

[DEBUG] Cluster 864: 2 nodes [2337, 2610]
[DEBUG][φ] cut=2, deg_S=4, deg_comp=13324.0

[DEBUG] Cluster 865: 1 nodes [2349]
[DEBUG][φ] cut=1, deg_S=1, deg_comp=13327.0

[DEBUG] Cluster 866: 1 nodes [2358]
[DEBUG][φ] cut=1, deg_S=1, deg_comp=13327.0

[DEBUG] Cluster 867: 2 nodes [2359, 2520]
[DEBUG][φ] cut=2, deg_S=4, deg_comp=13324.0

[DEBUG] Cluster 868: 2 nodes [2366, 2575]
[DEBUG][φ] cut=9, deg_S=11, deg_comp=13317.0

[DEBUG] Cluster 869: 4 nodes [2373, 2374, 2507, 2513]
[DEBUG][φ] cut=17, deg_S=25, deg_comp=13303.0

[DEBUG] Cluster 870: 2 nodes [2375, 2416]
[DEBUG][φ] cut=5, deg_S=7, deg_comp=13321.0

[DEBUG] Cluster 871: 2 nodes [2376, 2422]
[DEBUG][φ] cut=10, deg_S=12, deg_comp=13316.0

[DEBUG] Cluster 872: 1 nodes [2384]
[DEBUG][φ] cut=1, deg_S=1, deg_comp=13327.0

[DEBUG] Cluster 873: 2 nodes [2385, 2676]
[DEBUG][φ] cut=7, deg_S=9, deg_comp=13319.0

[DEBUG] Cluster 874: 1 nodes [2386]
[DEBUG][φ] cut=1, deg_S=1, deg_comp=13327.0

[DEBUG] Cluster 875: 1 nodes [2387]
[DEBUG][φ] cut=1, deg_S=1, deg_comp=13327.0

[DEBUG] Cluster 876: 2 nodes [2391, 2548]
[DEBUG][φ] cut=4, deg_S=6, deg_comp=13322.0

[DEBUG] Cluster 877: 1 nodes [2395]
[DEBUG][φ] cut=1, deg_S=1, deg_comp=13327.0

[DEBUG] Cluster 878: 1 nodes [2401]
[DEBUG][φ] cut=1, deg_S=1, deg_comp=13327.0

[DEBUG] Cluster 879: 2 nodes [2403, 2581]
[DEBUG][φ] cut=2, deg_S=4, deg_comp=13324.0

[DEBUG] Cluster 880: 2 nodes [2433, 2437]
[DEBUG][φ] cut=2, deg_S=4, deg_comp=13324.0

[DEBUG] Cluster 881: 2 nodes [2440, 2543]
[DEBUG][φ] cut=7, deg_S=9, deg_comp=13319.0

[DEBUG] Cluster 882: 2 nodes [2445, 2522]
[DEBUG][φ] cut=3, deg_S=5, deg_comp=13323.0

[DEBUG] Cluster 883: 2 nodes [2448, 2526]
[DEBUG][φ] cut=3, deg_S=5, deg_comp=13323.0

[DEBUG] Cluster 884: 1 nodes [2460]
[DEBUG][φ] cut=1, deg_S=1, deg_comp=13327.0

[DEBUG] Cluster 885: 1 nodes [2464]
[DEBUG][φ] cut=1, deg_S=1, deg_comp=13327.0

[DEBUG] Cluster 886: 1 nodes [2469]
[DEBUG][φ] cut=1, deg_S=1, deg_comp=13327.0

[DEBUG] Cluster 887: 3 nodes [2470, 2643, 2646]
[DEBUG][φ] cut=3, deg_S=9, deg_comp=13319.0

[DEBUG] Cluster 888: 2 nodes [2473, 2551]
[DEBUG][φ] cut=4, deg_S=6, deg_comp=13322.0

[DEBUG] Cluster 889: 2 nodes [2477, 2678]
[DEBUG][φ] cut=1, deg_S=3, deg_comp=13325.0

[DEBUG] Cluster 890: 1 nodes [2481]
[DEBUG][φ] cut=1, deg_S=1, deg_comp=13327.0

[DEBUG] Cluster 891: 1 nodes [2491]
[DEBUG][φ] cut=3, deg_S=3, deg_comp=13325.0

[DEBUG] Cluster 892: 1 nodes [2494]
[DEBUG][φ] cut=1, deg_S=1, deg_comp=13327.0

[DEBUG] Cluster 893: 2 nodes [2495, 2694]
[DEBUG][φ] cut=12, deg_S=14, deg_comp=13314.0

[DEBUG] Cluster 894: 1 nodes [2497]
[DEBUG][φ] cut=3, deg_S=3, deg_comp=13325.0

[DEBUG] Cluster 895: 1 nodes [2499]
[DEBUG][φ] cut=18, deg_S=18, deg_comp=13310.0

[DEBUG] Cluster 896: 2 nodes [2502, 2605]
[DEBUG][φ] cut=5, deg_S=7, deg_comp=13321.0

[DEBUG] Cluster 897: 1 nodes [2503]
[DEBUG][φ] cut=1, deg_S=1, deg_comp=13327.0

[DEBUG] Cluster 898: 1 nodes [2512]
[DEBUG][φ] cut=1, deg_S=1, deg_comp=13327.0

[DEBUG] Cluster 899: 1 nodes [2517]
[DEBUG][φ] cut=1, deg_S=1, deg_comp=13327.0

[DEBUG] Cluster 900: 1 nodes [2519]
[DEBUG][φ] cut=1, deg_S=1, deg_comp=13327.0

[DEBUG] Cluster 901: 1 nodes [2523]
[DEBUG][φ] cut=1, deg_S=1, deg_comp=13327.0

[DEBUG] Cluster 902: 2 nodes [2531, 2566]
[DEBUG][φ] cut=3, deg_S=5, deg_comp=13323.0

[DEBUG] Cluster 903: 1 nodes [2533]
[DEBUG][φ] cut=1, deg_S=1, deg_comp=13327.0

[DEBUG] Cluster 904: 1 nodes [2534]
[DEBUG][φ] cut=1, deg_S=1, deg_comp=13327.0

[DEBUG] Cluster 905: 2 nodes [2541, 2673]
[DEBUG][φ] cut=7, deg_S=9, deg_comp=13319.0

[DEBUG] Cluster 906: 2 nodes [2544, 2568]
[DEBUG][φ] cut=4, deg_S=6, deg_comp=13322.0

[DEBUG] Cluster 907: 2 nodes [2549, 2608]
[DEBUG][φ] cut=6, deg_S=8, deg_comp=13320.0

[DEBUG] Cluster 908: 2 nodes [2555, 2560]
[DEBUG][φ] cut=6, deg_S=8, deg_comp=13320.0

[DEBUG] Cluster 909: 1 nodes [2573]
[DEBUG][φ] cut=1, deg_S=1, deg_comp=13327.0

[DEBUG] Cluster 910: 2 nodes [2578, 2679]
[DEBUG][φ] cut=4, deg_S=6, deg_comp=13322.0

[DEBUG] Cluster 911: 1 nodes [2584]
[DEBUG][φ] cut=1, deg_S=1, deg_comp=13327.0

[DEBUG] Cluster 912: 1 nodes [2601]
[DEBUG][φ] cut=1, deg_S=1, deg_comp=13327.0

[DEBUG] Cluster 913: 1 nodes [2602]
[DEBUG][φ] cut=1, deg_S=1, deg_comp=13327.0

[DEBUG] Cluster 914: 1 nodes [2620]
[DEBUG][φ] cut=1, deg_S=1, deg_comp=13327.0

[DEBUG] Cluster 915: 1 nodes [2621]
[DEBUG][φ] cut=1, deg_S=1, deg_comp=13327.0

[DEBUG] Cluster 916: 1 nodes [2631]
[DEBUG][φ] cut=1, deg_S=1, deg_comp=13327.0

[DEBUG] Cluster 917: 1 nodes [2632]
[DEBUG][φ] cut=1, deg_S=1, deg_comp=13327.0

[DEBUG] Cluster 918: 2 nodes [2637, 2652]
[DEBUG][φ] cut=4, deg_S=6, deg_comp=13322.0

[DEBUG] Cluster 919: 1 nodes [2639]
[DEBUG][φ] cut=1, deg_S=1, deg_comp=13327.0

[DEBUG] Cluster 920: 1 nodes [2640]
[DEBUG][φ] cut=1, deg_S=1, deg_comp=13327.0

[DEBUG] Cluster 921: 1 nodes [2644]
[DEBUG][φ] cut=1, deg_S=1, deg_comp=13327.0

[DEBUG] Cluster 922: 1 nodes [2665]
[DEBUG][φ] cut=1, deg_S=1, deg_comp=13327.0

[DEBUG] Cluster 923: 1 nodes [2684]
[DEBUG][φ] cut=1, deg_S=1, deg_comp=13327.0

[DEBUG] Cluster 924: 1 nodes [2691]
[DEBUG][φ] cut=1, deg_S=1, deg_comp=13327.0

[DEBUG] Cluster 925: 3 nodes [2697, 2698, 2700]
[DEBUG][φ] cut=3, deg_S=9, deg_comp=13319.0

[DEBUG] Cluster 926: 1 nodes [2701]
[DEBUG][φ] cut=2, deg_S=2, deg_comp=13326.0
[DEBUG] Average unweighted conductance - Standard: 0.6693
[TIMING] conductance_evaluation: 0.162s
CMG filtered clustering pipeline complete
[CMG] Found 927 clusters, λ_critical ≈ 0.3333
[CMG] Coarsened to 927 nodes, 2501 edges
[CMG] Final graph: 927 nodes, 2501 edges
[CMG] Total coarsening time: 0.241s
%%%%%% Starting Graph Embedding %%%%%%
/home/mohammad/anaconda3/lib/python3.8/site-packages/scipy/__init__.py:146: UserWarning: A NumPy version >=1.16.5 and <1.23.0 is required for this version of SciPy (detected version 1.24.4
  warnings.warn(f"A NumPy version >={np_minversion} and <{np_maxversion}"
/home/mohammad/anaconda3/lib/python3.8/site-packages/torch/cuda/__init__.py:619: UserWarning: Can't initialize NVML
  warnings.warn("Can't initialize NVML")
%%%%%% Starting Graph Refinement %%%%%%
%%%%%% Starting Evaluation %%%%%%
Loading data...
Running regression..
Test Accuracy:  0.759
%%%%%% CPU time %%%%%%
Graph Fusion     Time: 0.511
Graph Reduction  Time: 1.363
Graph Embedding  Time: 106.802
Graph Refinement Time: 0.012
Total Time = Fusion_time + Reduction_time + Embedding_time + Refinement_time = 108.688

%%%%%% CMG Detailed Timing %%%%%%
laplacian_construction   : 0.001s
spectral_filtering       : 0.004s
graph_reweighting        : 0.042s
cmg_clustering           : 0.001s
conductance_evaluation   : 0.162s
